This file contains any messages produced by compilers while
running configure, to aid debugging if configure makes a mistake.

It was created by configure, which was
generated by GNU Autoconf 2.69.  Invocation command line was

  $ ./configure --disable-ecl --disable-edp --with-bpq

## --------- ##
## Platform. ##
## --------- ##

hostname = gaorui-virtual-machine
uname -m = i686
uname -r = 3.5.0-23-generic
uname -s = Linux
uname -v = #35~precise1-Ubuntu SMP Fri Jan 25 17:15:33 UTC 2013

/usr/bin/uname -p = unknown
/bin/uname -X     = unknown

/bin/arch              = unknown
/usr/bin/arch -k       = unknown
/usr/convex/getsysinfo = unknown
/usr/bin/hostinfo      = unknown
/bin/machine           = unknown
/usr/bin/oslevel       = unknown
/bin/universe          = unknown

PATH: /usr/local/sbin
PATH: /usr/local/bin
PATH: /usr/sbin
PATH: /usr/bin
PATH: /sbin
PATH: /bin
PATH: /home/gaorui/Desktop/arm-2010q1/bin
PATH: /home/gaorui/Desktop/intel-compiler/x86-android-toolchain/bin


## ----------- ##
## Core tests. ##
## ----------- ##

configure:2424: checking location of source directory
configure:2427: result: "/home/gaorui/workspace/DTN/DTN2"
configure:2432: checking location of build directory
configure:2434: result: "/home/gaorui/workspace/DTN/DTN2"
configure:2523: checking for gcc
configure:2539: found /usr/bin/gcc
configure:2550: result: gcc
configure:2779: checking for C compiler version
configure:2788: gcc --version >&5
gcc (Ubuntu/Linaro 4.6.3-1ubuntu5) 4.6.3
Copyright (C) 2011 Free Software Foundation, Inc.
This is free software; see the source for copying conditions.  There is NO
warranty; not even for MERCHANTABILITY or FITNESS FOR A PARTICULAR PURPOSE.

configure:2799: $? = 0
configure:2788: gcc -v >&5
Using built-in specs.
COLLECT_GCC=gcc
COLLECT_LTO_WRAPPER=/usr/lib/gcc/i686-linux-gnu/4.6/lto-wrapper
Target: i686-linux-gnu
Configured with: ../src/configure -v --with-pkgversion='Ubuntu/Linaro 4.6.3-1ubuntu5' --with-bugurl=file:///usr/share/doc/gcc-4.6/README.Bugs --enable-languages=c,c++,fortran,objc,obj-c++ --prefix=/usr --program-suffix=-4.6 --enable-shared --enable-linker-build-id --with-system-zlib --libexecdir=/usr/lib --without-included-gettext --enable-threads=posix --with-gxx-include-dir=/usr/include/c++/4.6 --libdir=/usr/lib --enable-nls --with-sysroot=/ --enable-clocale=gnu --enable-libstdcxx-debug --enable-libstdcxx-time=yes --enable-gnu-unique-object --enable-plugin --enable-objc-gc --enable-targets=all --disable-werror --with-arch-32=i686 --with-tune=generic --enable-checking=release --build=i686-linux-gnu --host=i686-linux-gnu --target=i686-linux-gnu
Thread model: posix
gcc version 4.6.3 (Ubuntu/Linaro 4.6.3-1ubuntu5) 
configure:2799: $? = 0
configure:2788: gcc -V >&5
gcc: error: unrecognized option '-V'
gcc: fatal error: no input files
compilation terminated.
configure:2799: $? = 4
configure:2788: gcc -qversion >&5
gcc: error: unrecognized option '-qversion'
gcc: fatal error: no input files
compilation terminated.
configure:2799: $? = 4
configure:2819: checking whether the C compiler works
configure:2841: gcc    conftest.c  >&5
configure:2845: $? = 0
configure:2893: result: yes
configure:2896: checking for C compiler default output file name
configure:2898: result: a.out
configure:2904: checking for suffix of executables
configure:2911: gcc -o conftest    conftest.c  >&5
configure:2915: $? = 0
configure:2937: result: 
configure:2959: checking whether we are cross compiling
configure:2967: gcc -o conftest    conftest.c  >&5
configure:2971: $? = 0
configure:2978: ./conftest
configure:2982: $? = 0
configure:2997: result: no
configure:3002: checking for suffix of object files
configure:3024: gcc -c   conftest.c >&5
configure:3028: $? = 0
configure:3049: result: o
configure:3053: checking whether we are using the GNU C compiler
configure:3072: gcc -c   conftest.c >&5
configure:3072: $? = 0
configure:3081: result: yes
configure:3090: checking whether gcc accepts -g
configure:3110: gcc -c -g  conftest.c >&5
configure:3110: $? = 0
configure:3151: result: yes
configure:3168: checking for gcc option to accept ISO C89
configure:3231: gcc  -c -g -O2  conftest.c >&5
configure:3231: $? = 0
configure:3244: result: none needed
configure:3282: checking for an oasys installation (version 1.5 or better)
configure:3478: gcc -o conftest -g -O2 -I/home/gaorui/workspace/DTN/DTN2/oasys/include   /home/gaorui/workspace/DTN/DTN2/oasys/lib/liboasys-1.6.0.a conftest.c  >&5
configure:3478: $? = 0
configure:3480: result: ../oasys
configure:3619: checking how to run the C preprocessor
configure:3650: gcc -E  conftest.c
configure:3650: $? = 0
configure:3664: gcc -E  conftest.c
conftest.c:12:28: fatal error: ac_nonexistent.h: No such file or directory
compilation terminated.
configure:3664: $? = 1
configure: failed program was:
| /* confdefs.h */
| #define PACKAGE_NAME ""
| #define PACKAGE_TARNAME ""
| #define PACKAGE_VERSION ""
| #define PACKAGE_STRING ""
| #define PACKAGE_BUGREPORT ""
| #define PACKAGE_URL ""
| #define DTN_CONFIG_STATE 1
| #define INSTALL_SYSCONFDIR "/etc"
| #define INSTALL_LOCALSTATEDIR "/var"
| /* end confdefs.h.  */
| #include <ac_nonexistent.h>
configure:3689: result: gcc -E
configure:3709: gcc -E  conftest.c
configure:3709: $? = 0
configure:3723: gcc -E  conftest.c
conftest.c:12:28: fatal error: ac_nonexistent.h: No such file or directory
compilation terminated.
configure:3723: $? = 1
configure: failed program was:
| /* confdefs.h */
| #define PACKAGE_NAME ""
| #define PACKAGE_TARNAME ""
| #define PACKAGE_VERSION ""
| #define PACKAGE_STRING ""
| #define PACKAGE_BUGREPORT ""
| #define PACKAGE_URL ""
| #define DTN_CONFIG_STATE 1
| #define INSTALL_SYSCONFDIR "/etc"
| #define INSTALL_LOCALSTATEDIR "/var"
| /* end confdefs.h.  */
| #include <ac_nonexistent.h>
configure:3752: checking for grep that handles long lines and -e
configure:3810: result: /bin/grep
configure:3815: checking for egrep
configure:3877: result: /bin/grep -E
configure:3882: checking for ANSI C header files
configure:3902: gcc -c -g -O2  conftest.c >&5
configure:3902: $? = 0
configure:3975: gcc -o conftest -g -O2   conftest.c  >&5
configure:3975: $? = 0
configure:3975: ./conftest
configure:3975: $? = 0
configure:3986: result: yes
configure:3999: checking for sys/types.h
configure:3999: gcc -c -g -O2  conftest.c >&5
configure:3999: $? = 0
configure:3999: result: yes
configure:3999: checking for sys/stat.h
configure:3999: gcc -c -g -O2  conftest.c >&5
configure:3999: $? = 0
configure:3999: result: yes
configure:3999: checking for stdlib.h
configure:3999: gcc -c -g -O2  conftest.c >&5
configure:3999: $? = 0
configure:3999: result: yes
configure:3999: checking for string.h
configure:3999: gcc -c -g -O2  conftest.c >&5
configure:3999: $? = 0
configure:3999: result: yes
configure:3999: checking for memory.h
configure:3999: gcc -c -g -O2  conftest.c >&5
configure:3999: $? = 0
configure:3999: result: yes
configure:3999: checking for strings.h
configure:3999: gcc -c -g -O2  conftest.c >&5
configure:3999: $? = 0
configure:3999: result: yes
configure:3999: checking for inttypes.h
configure:3999: gcc -c -g -O2  conftest.c >&5
configure:3999: $? = 0
configure:3999: result: yes
configure:3999: checking for stdint.h
configure:3999: gcc -c -g -O2  conftest.c >&5
configure:3999: $? = 0
configure:3999: result: yes
configure:3999: checking for unistd.h
configure:3999: gcc -c -g -O2  conftest.c >&5
configure:3999: $? = 0
configure:3999: result: yes
configure:4025: checking whether bonjour support should be enabled
configure:4034: result: try
configure:4046: checking searching for the bonjour library development headers
configure:4050: checking dns_sd.h usability
configure:4050: gcc -c   conftest.c >&5
conftest.c:55:20: fatal error: dns_sd.h: No such file or directory
compilation terminated.
configure:4050: $? = 1
configure: failed program was:
| /* confdefs.h */
| #define PACKAGE_NAME ""
| #define PACKAGE_TARNAME ""
| #define PACKAGE_VERSION ""
| #define PACKAGE_STRING ""
| #define PACKAGE_BUGREPORT ""
| #define PACKAGE_URL ""
| #define DTN_CONFIG_STATE 1
| #define INSTALL_SYSCONFDIR "/etc"
| #define INSTALL_LOCALSTATEDIR "/var"
| #define STDC_HEADERS 1
| #define HAVE_SYS_TYPES_H 1
| #define HAVE_SYS_STAT_H 1
| #define HAVE_STDLIB_H 1
| #define HAVE_STRING_H 1
| #define HAVE_MEMORY_H 1
| #define HAVE_STRINGS_H 1
| #define HAVE_INTTYPES_H 1
| #define HAVE_STDINT_H 1
| #define HAVE_UNISTD_H 1
| /* end confdefs.h.  */
| #include <stdio.h>
| #ifdef HAVE_SYS_TYPES_H
| # include <sys/types.h>
| #endif
| #ifdef HAVE_SYS_STAT_H
| # include <sys/stat.h>
| #endif
| #ifdef STDC_HEADERS
| # include <stdlib.h>
| # include <stddef.h>
| #else
| # ifdef HAVE_STDLIB_H
| #  include <stdlib.h>
| # endif
| #endif
| #ifdef HAVE_STRING_H
| # if !defined STDC_HEADERS && defined HAVE_MEMORY_H
| #  include <memory.h>
| # endif
| # include <string.h>
| #endif
| #ifdef HAVE_STRINGS_H
| # include <strings.h>
| #endif
| #ifdef HAVE_INTTYPES_H
| # include <inttypes.h>
| #endif
| #ifdef HAVE_STDINT_H
| # include <stdint.h>
| #endif
| #ifdef HAVE_UNISTD_H
| # include <unistd.h>
| #endif
| #include <dns_sd.h>
configure:4050: result: no
configure:4050: checking dns_sd.h presence
configure:4050: gcc -E  conftest.c
conftest.c:22:20: fatal error: dns_sd.h: No such file or directory
compilation terminated.
configure:4050: $? = 1
configure: failed program was:
| /* confdefs.h */
| #define PACKAGE_NAME ""
| #define PACKAGE_TARNAME ""
| #define PACKAGE_VERSION ""
| #define PACKAGE_STRING ""
| #define PACKAGE_BUGREPORT ""
| #define PACKAGE_URL ""
| #define DTN_CONFIG_STATE 1
| #define INSTALL_SYSCONFDIR "/etc"
| #define INSTALL_LOCALSTATEDIR "/var"
| #define STDC_HEADERS 1
| #define HAVE_SYS_TYPES_H 1
| #define HAVE_SYS_STAT_H 1
| #define HAVE_STDLIB_H 1
| #define HAVE_STRING_H 1
| #define HAVE_MEMORY_H 1
| #define HAVE_STRINGS_H 1
| #define HAVE_INTTYPES_H 1
| #define HAVE_STDINT_H 1
| #define HAVE_UNISTD_H 1
| /* end confdefs.h.  */
| #include <dns_sd.h>
configure:4050: result: no
configure:4050: checking for dns_sd.h
configure:4050: result: no
configure:4057: result: bonjour header not found
configure:4063: checking for library containing DNSServiceRegister
configure:4094: gcc -o conftest    conftest.c  >&5
/tmp/ccj07eR8.o: In function `main':
conftest.c:(.text+0x7): undefined reference to `DNSServiceRegister'
collect2: ld returned 1 exit status
configure:4094: $? = 1
configure: failed program was:
| /* confdefs.h */
| #define PACKAGE_NAME ""
| #define PACKAGE_TARNAME ""
| #define PACKAGE_VERSION ""
| #define PACKAGE_STRING ""
| #define PACKAGE_BUGREPORT ""
| #define PACKAGE_URL ""
| #define DTN_CONFIG_STATE 1
| #define INSTALL_SYSCONFDIR "/etc"
| #define INSTALL_LOCALSTATEDIR "/var"
| #define STDC_HEADERS 1
| #define HAVE_SYS_TYPES_H 1
| #define HAVE_SYS_STAT_H 1
| #define HAVE_STDLIB_H 1
| #define HAVE_STRING_H 1
| #define HAVE_MEMORY_H 1
| #define HAVE_STRINGS_H 1
| #define HAVE_INTTYPES_H 1
| #define HAVE_STDINT_H 1
| #define HAVE_UNISTD_H 1
| /* end confdefs.h.  */
| 
| /* Override any GCC internal prototype to avoid an error.
|    Use char because int might match the return type of a GCC
|    builtin and then its argument prototype would still apply.  */
| #ifdef __cplusplus
| extern "C"
| #endif
| char DNSServiceRegister ();
| int
| main ()
| {
| return DNSServiceRegister ();
|   ;
|   return 0;
| }
configure:4094: gcc -o conftest    conftest.c -ldns_sd   >&5
/usr/bin/ld: cannot find -ldns_sd
collect2: ld returned 1 exit status
configure:4094: $? = 1
configure: failed program was:
| /* confdefs.h */
| #define PACKAGE_NAME ""
| #define PACKAGE_TARNAME ""
| #define PACKAGE_VERSION ""
| #define PACKAGE_STRING ""
| #define PACKAGE_BUGREPORT ""
| #define PACKAGE_URL ""
| #define DTN_CONFIG_STATE 1
| #define INSTALL_SYSCONFDIR "/etc"
| #define INSTALL_LOCALSTATEDIR "/var"
| #define STDC_HEADERS 1
| #define HAVE_SYS_TYPES_H 1
| #define HAVE_SYS_STAT_H 1
| #define HAVE_STDLIB_H 1
| #define HAVE_STRING_H 1
| #define HAVE_MEMORY_H 1
| #define HAVE_STRINGS_H 1
| #define HAVE_INTTYPES_H 1
| #define HAVE_STDINT_H 1
| #define HAVE_UNISTD_H 1
| /* end confdefs.h.  */
| 
| /* Override any GCC internal prototype to avoid an error.
|    Use char because int might match the return type of a GCC
|    builtin and then its argument prototype would still apply.  */
| #ifdef __cplusplus
| extern "C"
| #endif
| char DNSServiceRegister ();
| int
| main ()
| {
| return DNSServiceRegister ();
|   ;
|   return 0;
| }
configure:4111: result: no
configure:4118: result: function not found in bonjour library
configure:4140: checking whether bonjour support was found
configure:4150: result: no
configure:4185: checking whether to enable external convergence layer support
configure:4188: result: no
configure:4258: checking whether to enable external decision plane support
configure:4261: result: no
configure:4381: checking for g++
configure:4397: found /usr/bin/g++
configure:4408: result: g++
configure:4435: checking for C++ compiler version
configure:4444: g++ --version >&5
g++ (Ubuntu/Linaro 4.6.3-1ubuntu5) 4.6.3
Copyright (C) 2011 Free Software Foundation, Inc.
This is free software; see the source for copying conditions.  There is NO
warranty; not even for MERCHANTABILITY or FITNESS FOR A PARTICULAR PURPOSE.

configure:4455: $? = 0
configure:4444: g++ -v >&5
Using built-in specs.
COLLECT_GCC=g++
COLLECT_LTO_WRAPPER=/usr/lib/gcc/i686-linux-gnu/4.6/lto-wrapper
Target: i686-linux-gnu
Configured with: ../src/configure -v --with-pkgversion='Ubuntu/Linaro 4.6.3-1ubuntu5' --with-bugurl=file:///usr/share/doc/gcc-4.6/README.Bugs --enable-languages=c,c++,fortran,objc,obj-c++ --prefix=/usr --program-suffix=-4.6 --enable-shared --enable-linker-build-id --with-system-zlib --libexecdir=/usr/lib --without-included-gettext --enable-threads=posix --with-gxx-include-dir=/usr/include/c++/4.6 --libdir=/usr/lib --enable-nls --with-sysroot=/ --enable-clocale=gnu --enable-libstdcxx-debug --enable-libstdcxx-time=yes --enable-gnu-unique-object --enable-plugin --enable-objc-gc --enable-targets=all --disable-werror --with-arch-32=i686 --with-tune=generic --enable-checking=release --build=i686-linux-gnu --host=i686-linux-gnu --target=i686-linux-gnu
Thread model: posix
gcc version 4.6.3 (Ubuntu/Linaro 4.6.3-1ubuntu5) 
configure:4455: $? = 0
configure:4444: g++ -V >&5
g++: error: unrecognized option '-V'
g++: fatal error: no input files
compilation terminated.
configure:4455: $? = 4
configure:4444: g++ -qversion >&5
g++: error: unrecognized option '-qversion'
g++: fatal error: no input files
compilation terminated.
configure:4455: $? = 4
configure:4459: checking whether we are using the GNU C++ compiler
configure:4478: g++ -c   conftest.cpp >&5
configure:4478: $? = 0
configure:4487: result: yes
configure:4496: checking whether g++ accepts -g
configure:4516: g++ -c -g  conftest.cpp >&5
configure:4516: $? = 0
configure:4557: result: yes
configure:4592: checking whether to enable NORM convergence layer support
configure:4596: result: no
configure:4703: checking whether to enable LTP convergence layer support
configure:4707: result: no
configure:4802: checking for --enable-scriptapis
configure:4814: result: no
configure:4831: checking whether odbc support should be enabled (needs ODBC version >= 3.51)
configure:4841: result: try
configure:4886: checking for ODBC in /usr/include, /usr/lib, -lodbc
configure:4908: g++ -o conftest -g -O2 -I/usr/include -L/usr/lib conftest.cpp -lodbc  >&5
configure:4908: $? = 0
configure:4910: result: yes
configure:4929: checking ODBC detected has version >= 3.51 in /usr/include, /usr/lib, -lodbc
configure:4949: g++ -o conftest -g -O2 -I/usr/include -L/usr/lib conftest.cpp -lodbc  >&5
configure:4949: $? = 0
configure:4951: result: yes
configure:4974: checking whether libodbc was found
configure:4977: result: yes
configure:5064: checking how to run the C++ preprocessor
configure:5091: g++ -E  conftest.cpp
configure:5091: $? = 0
configure:5105: g++ -E  conftest.cpp
conftest.cpp:23:28: fatal error: ac_nonexistent.h: No such file or directory
compilation terminated.
configure:5105: $? = 1
configure: failed program was:
| /* confdefs.h */
| #define PACKAGE_NAME ""
| #define PACKAGE_TARNAME ""
| #define PACKAGE_VERSION ""
| #define PACKAGE_STRING ""
| #define PACKAGE_BUGREPORT ""
| #define PACKAGE_URL ""
| #define DTN_CONFIG_STATE 1
| #define INSTALL_SYSCONFDIR "/etc"
| #define INSTALL_LOCALSTATEDIR "/var"
| #define STDC_HEADERS 1
| #define HAVE_SYS_TYPES_H 1
| #define HAVE_SYS_STAT_H 1
| #define HAVE_STDLIB_H 1
| #define HAVE_STRING_H 1
| #define HAVE_MEMORY_H 1
| #define HAVE_STRINGS_H 1
| #define HAVE_INTTYPES_H 1
| #define HAVE_STDINT_H 1
| #define HAVE_UNISTD_H 1
| #define LIBODBC_ENABLED 1
| /* end confdefs.h.  */
| #include <ac_nonexistent.h>
configure:5130: result: g++ -E
configure:5150: g++ -E  conftest.cpp
configure:5150: $? = 0
configure:5164: g++ -E  conftest.cpp
conftest.cpp:23:28: fatal error: ac_nonexistent.h: No such file or directory
compilation terminated.
configure:5164: $? = 1
configure: failed program was:
| /* confdefs.h */
| #define PACKAGE_NAME ""
| #define PACKAGE_TARNAME ""
| #define PACKAGE_VERSION ""
| #define PACKAGE_STRING ""
| #define PACKAGE_BUGREPORT ""
| #define PACKAGE_URL ""
| #define DTN_CONFIG_STATE 1
| #define INSTALL_SYSCONFDIR "/etc"
| #define INSTALL_LOCALSTATEDIR "/var"
| #define STDC_HEADERS 1
| #define HAVE_SYS_TYPES_H 1
| #define HAVE_SYS_STAT_H 1
| #define HAVE_STDLIB_H 1
| #define HAVE_STRING_H 1
| #define HAVE_MEMORY_H 1
| #define HAVE_STRINGS_H 1
| #define HAVE_INTTYPES_H 1
| #define HAVE_STDINT_H 1
| #define HAVE_UNISTD_H 1
| #define LIBODBC_ENABLED 1
| /* end confdefs.h.  */
| #include <ac_nonexistent.h>
configure:5442: checking for a C compiler (trying gcc)
configure:5444: result: 
configure:5558: checking for C compiler version
configure:5567: gcc --version >&5
gcc (Ubuntu/Linaro 4.6.3-1ubuntu5) 4.6.3
Copyright (C) 2011 Free Software Foundation, Inc.
This is free software; see the source for copying conditions.  There is NO
warranty; not even for MERCHANTABILITY or FITNESS FOR A PARTICULAR PURPOSE.

configure:5578: $? = 0
configure:5567: gcc -v >&5
Using built-in specs.
COLLECT_GCC=gcc
COLLECT_LTO_WRAPPER=/usr/lib/gcc/i686-linux-gnu/4.6/lto-wrapper
Target: i686-linux-gnu
Configured with: ../src/configure -v --with-pkgversion='Ubuntu/Linaro 4.6.3-1ubuntu5' --with-bugurl=file:///usr/share/doc/gcc-4.6/README.Bugs --enable-languages=c,c++,fortran,objc,obj-c++ --prefix=/usr --program-suffix=-4.6 --enable-shared --enable-linker-build-id --with-system-zlib --libexecdir=/usr/lib --without-included-gettext --enable-threads=posix --with-gxx-include-dir=/usr/include/c++/4.6 --libdir=/usr/lib --enable-nls --with-sysroot=/ --enable-clocale=gnu --enable-libstdcxx-debug --enable-libstdcxx-time=yes --enable-gnu-unique-object --enable-plugin --enable-objc-gc --enable-targets=all --disable-werror --with-arch-32=i686 --with-tune=generic --enable-checking=release --build=i686-linux-gnu --host=i686-linux-gnu --target=i686-linux-gnu
Thread model: posix
gcc version 4.6.3 (Ubuntu/Linaro 4.6.3-1ubuntu5) 
configure:5578: $? = 0
configure:5567: gcc -V >&5
gcc: error: unrecognized option '-V'
gcc: fatal error: no input files
compilation terminated.
configure:5578: $? = 4
configure:5567: gcc -qversion >&5
gcc: error: unrecognized option '-qversion'
gcc: fatal error: no input files
compilation terminated.
configure:5578: $? = 4
configure:5582: checking whether we are using the GNU C compiler
configure:5610: result: yes
configure:5619: checking whether gcc accepts -g
configure:5680: result: yes
configure:5697: checking for gcc option to accept ISO C89
configure:5773: result: none needed
configure:5794: checking for a C++ compiler (trying g++)
configure:5796: result: 
configure:5910: checking for C++ compiler version
configure:5919: g++ --version >&5
g++ (Ubuntu/Linaro 4.6.3-1ubuntu5) 4.6.3
Copyright (C) 2011 Free Software Foundation, Inc.
This is free software; see the source for copying conditions.  There is NO
warranty; not even for MERCHANTABILITY or FITNESS FOR A PARTICULAR PURPOSE.

configure:5930: $? = 0
configure:5919: g++ -v >&5
Using built-in specs.
COLLECT_GCC=g++
COLLECT_LTO_WRAPPER=/usr/lib/gcc/i686-linux-gnu/4.6/lto-wrapper
Target: i686-linux-gnu
Configured with: ../src/configure -v --with-pkgversion='Ubuntu/Linaro 4.6.3-1ubuntu5' --with-bugurl=file:///usr/share/doc/gcc-4.6/README.Bugs --enable-languages=c,c++,fortran,objc,obj-c++ --prefix=/usr --program-suffix=-4.6 --enable-shared --enable-linker-build-id --with-system-zlib --libexecdir=/usr/lib --without-included-gettext --enable-threads=posix --with-gxx-include-dir=/usr/include/c++/4.6 --libdir=/usr/lib --enable-nls --with-sysroot=/ --enable-clocale=gnu --enable-libstdcxx-debug --enable-libstdcxx-time=yes --enable-gnu-unique-object --enable-plugin --enable-objc-gc --enable-targets=all --disable-werror --with-arch-32=i686 --with-tune=generic --enable-checking=release --build=i686-linux-gnu --host=i686-linux-gnu --target=i686-linux-gnu
Thread model: posix
gcc version 4.6.3 (Ubuntu/Linaro 4.6.3-1ubuntu5) 
configure:5930: $? = 0
configure:5919: g++ -V >&5
g++: error: unrecognized option '-V'
g++: fatal error: no input files
compilation terminated.
configure:5930: $? = 4
configure:5919: g++ -qversion >&5
g++: error: unrecognized option '-qversion'
g++: fatal error: no input files
compilation terminated.
configure:5930: $? = 4
configure:5934: checking whether we are using the GNU C++ compiler
configure:5962: result: yes
configure:5971: checking whether g++ accepts -g
configure:6032: result: yes
configure:6056: checking whether the C++ compiler works
configure:6075: g++ -o conftest -g -O2   conftest.cpp  >&5
configure:6075: $? = 0
configure:6076: result: yes
configure:6100: checking how to run the C preprocessor
configure:6170: result: gcc -E
configure:6190: gcc -E  conftest.c
configure:6190: $? = 0
configure:6204: gcc -E  conftest.c
conftest.c:24:28: fatal error: ac_nonexistent.h: No such file or directory
compilation terminated.
configure:6204: $? = 1
configure: failed program was:
| /* confdefs.h */
| #define PACKAGE_NAME ""
| #define PACKAGE_TARNAME ""
| #define PACKAGE_VERSION ""
| #define PACKAGE_STRING ""
| #define PACKAGE_BUGREPORT ""
| #define PACKAGE_URL ""
| #define DTN_CONFIG_STATE 1
| #define INSTALL_SYSCONFDIR "/etc"
| #define INSTALL_LOCALSTATEDIR "/var"
| #define STDC_HEADERS 1
| #define HAVE_SYS_TYPES_H 1
| #define HAVE_SYS_STAT_H 1
| #define HAVE_STDLIB_H 1
| #define HAVE_STRING_H 1
| #define HAVE_MEMORY_H 1
| #define HAVE_STRINGS_H 1
| #define HAVE_INTTYPES_H 1
| #define HAVE_STDINT_H 1
| #define HAVE_UNISTD_H 1
| #define LIBODBC_ENABLED 1
| #define BPQ_ENABLED 1
| /* end confdefs.h.  */
| #include <ac_nonexistent.h>
configure:6233: checking for the version of the GNU C compiler
configure:6242: result: 4.6
configure:6245: checking for the version of the GNU C++ compiler
configure:6254: result: 4.6
configure:6340: checking for ar
configure:6356: found /usr/bin/ar
configure:6367: result: ar
configure:6432: checking for ranlib
configure:6448: found /usr/bin/ranlib
configure:6459: result: ranlib
configure:6495: checking whether to compile with debugging
configure:6497: result: yes
configure:6516: checking whether to compile with memory debugging
configure:6518: result: no
configure:6537: checking whether to compile with lock debugging (default yes)
configure:6539: result: yes
configure:6559: checking whether to compile with optimization
configure:6561: result: no
configure:6582: checking whether to compile with profiling
configure:6584: result: no
configure:6601: checking whether to link statically
configure:6603: result: no
configure:6614: checking whether to link using static external libraries
configure:6616: result: no
configure:6628: checking whether to try to build shared libraries
configure:6643: result: yes
configure:6654: checking whether the compiler supports -fPIC
configure:6660: g++ -c -g -O2  conftest.cpp >&5
configure:6660: $? = 0
configure:6666: result: yes
configure:6672: checking whether the compiler can link a dynamic library with -shared
configure:6679: g++ -o conftest -g -O2  -shared  conftest.cpp  >&5
configure:6679: $? = 0
configure:6686: result: yes
configure:6694: checking extension for dynamic libraries
configure:6706: result: so
configure:6709: checking if the compiler supports -Wl,--rpath=.
configure:6716: g++ -o conftest -g -O2  -shared  -Wl,-rpath=/foo conftest.cpp  >&5
configure:6716: $? = 0
configure:6723: result: yes
configure:6945: creating ./config.status

## ---------------------- ##
## Running config.status. ##
## ---------------------- ##

This file was extended by config.status, which was
generated by GNU Autoconf 2.69.  Invocation command line was

  CONFIG_FILES    = 
  CONFIG_HEADERS  = 
  CONFIG_LINKS    = 
  CONFIG_COMMANDS = 
  $ ./config.status 

on gaorui-virtual-machine

config.status:850: creating Rules.make
config.status:850: creating System.make
config.status:850: creating servlib/ipnd.make
config.status:850: creating dtn-config.h
config.status:1020: dtn-config.h is unchanged

## ---------------- ##
## Cache variables. ##
## ---------------- ##

ac_cv_c_compiler_gnu=yes
ac_cv_cxx_compiler_gnu=yes
ac_cv_env_CCC_set=
ac_cv_env_CCC_value=
ac_cv_env_CC_set=
ac_cv_env_CC_value=
ac_cv_env_CFLAGS_set=
ac_cv_env_CFLAGS_value=
ac_cv_env_CPPFLAGS_set=
ac_cv_env_CPPFLAGS_value=
ac_cv_env_CPP_set=
ac_cv_env_CPP_value=
ac_cv_env_CXXCPP_set=
ac_cv_env_CXXCPP_value=
ac_cv_env_CXXFLAGS_set=
ac_cv_env_CXXFLAGS_value=
ac_cv_env_CXX_set=
ac_cv_env_CXX_value=
ac_cv_env_LDFLAGS_set=
ac_cv_env_LDFLAGS_value=
ac_cv_env_LIBS_set=
ac_cv_env_LIBS_value=
ac_cv_env_build_alias_set=
ac_cv_env_build_alias_value=
ac_cv_env_host_alias_set=
ac_cv_env_host_alias_value=
ac_cv_env_target_alias_set=
ac_cv_env_target_alias_value=
ac_cv_header_dns_sd_h=no
ac_cv_header_inttypes_h=yes
ac_cv_header_memory_h=yes
ac_cv_header_stdc=yes
ac_cv_header_stdint_h=yes
ac_cv_header_stdlib_h=yes
ac_cv_header_string_h=yes
ac_cv_header_strings_h=yes
ac_cv_header_sys_stat_h=yes
ac_cv_header_sys_types_h=yes
ac_cv_header_unistd_h=yes
ac_cv_objext=o
ac_cv_path_EGREP='/bin/grep -E'
ac_cv_path_GREP=/bin/grep
ac_cv_prog_CPP='gcc -E'
ac_cv_prog_CXXCPP='g++ -E'
ac_cv_prog_ac_ct_AR=ar
ac_cv_prog_ac_ct_CC=gcc
ac_cv_prog_ac_ct_CXX=g++
ac_cv_prog_ac_ct_RANLIB=ranlib
ac_cv_prog_cc_c89=
ac_cv_prog_cc_g=yes
ac_cv_prog_cxx_g=yes
ac_cv_search_DNSServiceRegister=no
oasys_cv_lib_odbc=odbc
oasys_cv_path_odbc_h=/usr/include
oasys_cv_path_odbc_lib=/usr/lib
oasys_cv_prog_gccver=4.6
oasys_cv_prog_gxxver=4.6

## ----------------- ##
## Output variables. ##
## ----------------- ##

AR='ar'
BBN_IPND_ENABLED='0'
BUILDDIR='/home/gaorui/workspace/DTN/DTN2'
BUILD_SYSTEM='Linux'
CC='gcc'
CFLAGS='-g -O2'
CPP='gcc -E'
CPPFLAGS=''
CXX='g++'
CXXCPP='g++ -E'
CXXFLAGS='-g -O2'
DEBUG='-g -fno-inline'
DEFS='-DHAVE_CONFIG_H'
DEPFLAGS='-MMD -MP -MT "$*.o $*.E"'
ECHO_C=''
ECHO_N='-n'
ECHO_T=''
EGREP='/bin/grep -E'
ENABLE_SCRIPT_APIS=''
EXEEXT=''
EXTLIB_CFLAGS=''
EXTLIB_LDFLAGS='  -lodbc'
EXTRA_CFLAGS=''
EXTRA_CXXFLAGS=''
EXTRA_LDFLAGS=''
GREP='/bin/grep'
INCFLAGS='-I$(OASYS_INCDIR)/oasys/ext -I$(SRCDIR)/servlib'
LDFLAGS=''
LDFLAGS_SHLIB='-shared -fPIC -DPIC'
LIBOBJS=''
LIBS=''
LTLIBOBJS=''
OASYS_COMPAT_LDFLAGS='/home/gaorui/workspace/DTN/DTN2/oasys/lib/liboasyscompat-1.6.0.a'
OASYS_ETCDIR='/home/gaorui/workspace/DTN/DTN2/oasys/share'
OASYS_INCDIR='/home/gaorui/workspace/DTN/DTN2/oasys/include'
OASYS_LDFLAGS='/home/gaorui/workspace/DTN/DTN2/oasys/lib/liboasys-1.6.0.a'
OASYS_LDFLAGS_STATIC='/home/gaorui/workspace/DTN/DTN2/oasys/lib/liboasys-1.6.0.a'
OASYS_LIBDIR='/home/gaorui/workspace/DTN/DTN2/oasys/lib'
OASYS_VERSION='1.6.0'
OBJEXT='o'
OPTIMIZE=''
OPTIMIZE_WARN=''
PACKAGE_BUGREPORT=''
PACKAGE_NAME=''
PACKAGE_STRING=''
PACKAGE_TARNAME=''
PACKAGE_URL=''
PACKAGE_VERSION=''
PATH_SEPARATOR=':'
PICFLAGS='-fPIC -DPIC'
PROFILE=''
RANLIB='ranlib'
RPATH='-Wl,-rpath=. -Wl,-rpath=$(prefix)/lib'
SHELL='/bin/bash'
SHLIBS='yes'
SHLIB_EXT='so'
SRCDIR='/home/gaorui/workspace/DTN/DTN2'
STATIC='no'
SYS_EXTLIB_CFLAGS=''
SYS_EXTLIB_LDFLAGS=''
TARGET='native'
ac_ct_CC='gcc'
ac_ct_CXX='g++'
bindir='${exec_prefix}/bin'
build_alias=''
datadir='${datarootdir}'
datarootdir='${prefix}/share'
docdir='${datarootdir}/doc/${PACKAGE}'
dvidir='${docdir}'
exec_prefix='${prefix}'
host_alias=''
htmldir='${docdir}'
includedir='${prefix}/include'
infodir='${datarootdir}/info'
libdir='${exec_prefix}/lib'
libexecdir='${exec_prefix}/libexec'
localedir='${datarootdir}/locale'
localstatedir='/var'
mandir='${datarootdir}/man'
oldincludedir='/usr/include'
pdfdir='${docdir}'
prefix='/usr'
program_transform_name='s,x,x,'
psdir='${docdir}'
sbindir='${exec_prefix}/sbin'
sharedstatedir='${prefix}/com'
sysconfdir='/etc'
target_alias=''

## ----------- ##
## confdefs.h. ##
## ----------- ##

/* confdefs.h */
#define PACKAGE_NAME ""
#define PACKAGE_TARNAME ""
#define PACKAGE_VERSION ""
#define PACKAGE_STRING ""
#define PACKAGE_BUGREPORT ""
#define PACKAGE_URL ""
#define DTN_CONFIG_STATE 1
#define INSTALL_SYSCONFDIR "/etc"
#define INSTALL_LOCALSTATEDIR "/var"
#define STDC_HEADERS 1
#define HAVE_SYS_TYPES_H 1
#define HAVE_SYS_STAT_H 1
#define HAVE_STDLIB_H 1
#define HAVE_STRING_H 1
#define HAVE_MEMORY_H 1
#define HAVE_STRINGS_H 1
#define HAVE_INTTYPES_H 1
#define HAVE_STDINT_H 1
#define HAVE_UNISTD_H 1
#define LIBODBC_ENABLED 1
#define BPQ_ENABLED 1
#define OASYS_DEBUG_LOCKING_ENABLED 1

configure: exit 0
