This file contains any messages produced by compilers while
running configure, to aid debugging if configure makes a mistake.

It was created by configure, which was
generated by GNU Autoconf 2.69.  Invocation command line was

  $ ./configure --with-tcl=/opt/tcl --with-db=/opt/db

## --------- ##
## Platform. ##
## --------- ##

hostname = dtn1
uname -m = x86_64
uname -r = 3.2.0-118-generic
uname -s = Linux
uname -v = #161-Ubuntu SMP Fri Dec 2 15:36:31 UTC 2016

/usr/bin/uname -p = unknown
/bin/uname -X     = unknown

/bin/arch              = unknown
/usr/bin/arch -k       = unknown
/usr/convex/getsysinfo = unknown
/usr/bin/hostinfo      = unknown
/bin/machine           = unknown
/usr/bin/oslevel       = unknown
/bin/universe          = unknown

PATH: /usr/local/sbin
PATH: /usr/local/bin
PATH: /usr/sbin
PATH: /usr/bin
PATH: /sbin
PATH: /bin


## ----------- ##
## Core tests. ##
## ----------- ##

configure:2809: checking location of source directory
configure:2812: result: "/home/grui/dtn2/dtn-experiment/DTN/oasys"
configure:2817: checking location of build directory
configure:2819: result: "/home/grui/dtn2/dtn-experiment/DTN/oasys"
configure:2921: checking for --with-python
configure:2937: result: no
configure:2948: checking for python
configure:2966: found /usr/bin/python
configure:2979: result: /usr/bin/python
configure:2995: checking whether python distutils can build an extension module
configure:3023: running /usr/bin/python conftest.py build -b conftest_build... output:
running build
running build_ext
building '_conftest' extension
creating conftest_build
creating conftest_build/temp.linux-x86_64-2.7
gcc -pthread -fno-strict-aliasing -DNDEBUG -g -fwrapv -O2 -Wall -Wstrict-prototypes -fPIC -I/usr/include/python2.7 -c conftest.c -o conftest_build/temp.linux-x86_64-2.7/conftest.o
conftest.c: In function 'main':
conftest.c:7:1: warning: control reaches end of non-void function [-Wreturn-type]
creating conftest_build/lib.linux-x86_64-2.7
gcc -pthread -shared -Wl,-O1 -Wl,-Bsymbolic-functions -Wl,-Bsymbolic-functions -Wl,-z,relro conftest_build/temp.linux-x86_64-2.7/conftest.o -o conftest_build/lib.linux-x86_64-2.7/_conftest.so
configure:3028: result: yes
configure:3089: checking for gcc
configure:3105: found /usr/bin/gcc
configure:3116: result: gcc
configure:3345: checking for C compiler version
configure:3354: gcc --version >&5
gcc (Ubuntu/Linaro 4.6.3-1ubuntu5) 4.6.3
Copyright (C) 2011 Free Software Foundation, Inc.
This is free software; see the source for copying conditions.  There is NO
warranty; not even for MERCHANTABILITY or FITNESS FOR A PARTICULAR PURPOSE.

configure:3365: $? = 0
configure:3354: gcc -v >&5
Using built-in specs.
COLLECT_GCC=gcc
COLLECT_LTO_WRAPPER=/usr/lib/gcc/x86_64-linux-gnu/4.6/lto-wrapper
Target: x86_64-linux-gnu
Configured with: ../src/configure -v --with-pkgversion='Ubuntu/Linaro 4.6.3-1ubuntu5' --with-bugurl=file:///usr/share/doc/gcc-4.6/README.Bugs --enable-languages=c,c++,fortran,objc,obj-c++ --prefix=/usr --program-suffix=-4.6 --enable-shared --enable-linker-build-id --with-system-zlib --libexecdir=/usr/lib --without-included-gettext --enable-threads=posix --with-gxx-include-dir=/usr/include/c++/4.6 --libdir=/usr/lib --enable-nls --with-sysroot=/ --enable-clocale=gnu --enable-libstdcxx-debug --enable-libstdcxx-time=yes --enable-gnu-unique-object --enable-plugin --enable-objc-gc --disable-werror --with-arch-32=i686 --with-tune=generic --enable-checking=release --build=x86_64-linux-gnu --host=x86_64-linux-gnu --target=x86_64-linux-gnu
Thread model: posix
gcc version 4.6.3 (Ubuntu/Linaro 4.6.3-1ubuntu5) 
configure:3365: $? = 0
configure:3354: gcc -V >&5
gcc: error: unrecognized option '-V'
gcc: fatal error: no input files
compilation terminated.
configure:3365: $? = 4
configure:3354: gcc -qversion >&5
gcc: error: unrecognized option '-qversion'
gcc: fatal error: no input files
compilation terminated.
configure:3365: $? = 4
configure:3385: checking whether the C compiler works
configure:3407: gcc    conftest.c  >&5
configure:3411: $? = 0
configure:3459: result: yes
configure:3462: checking for C compiler default output file name
configure:3464: result: a.out
configure:3470: checking for suffix of executables
configure:3477: gcc -o conftest    conftest.c  >&5
configure:3481: $? = 0
configure:3503: result: 
configure:3525: checking whether we are cross compiling
configure:3533: gcc -o conftest    conftest.c  >&5
configure:3537: $? = 0
configure:3544: ./conftest
configure:3548: $? = 0
configure:3563: result: no
configure:3568: checking for suffix of object files
configure:3590: gcc -c   conftest.c >&5
configure:3594: $? = 0
configure:3615: result: o
configure:3619: checking whether we are using the GNU C compiler
configure:3638: gcc -c   conftest.c >&5
configure:3638: $? = 0
configure:3647: result: yes
configure:3656: checking whether gcc accepts -g
configure:3676: gcc -c -g  conftest.c >&5
configure:3676: $? = 0
configure:3717: result: yes
configure:3734: checking for gcc option to accept ISO C89
configure:3797: gcc  -c -g -O2  conftest.c >&5
configure:3797: $? = 0
configure:3810: result: none needed
configure:3869: checking for library containing pow
configure:3900: gcc -o conftest    conftest.c  >&5
conftest.c:17:6: warning: conflicting types for built-in function 'pow' [enabled by default]
/tmp/ccf9vebs.o: In function `main':
conftest.c:(.text+0xa): undefined reference to `pow'
collect2: ld returned 1 exit status
configure:3900: $? = 1
configure: failed program was:
| /* confdefs.h */
| #define PACKAGE_NAME ""
| #define PACKAGE_TARNAME ""
| #define PACKAGE_VERSION ""
| #define PACKAGE_STRING ""
| #define PACKAGE_BUGREPORT ""
| #define PACKAGE_URL ""
| #define OASYS_CONFIG_STATE 1
| /* end confdefs.h.  */
| 
| /* Override any GCC internal prototype to avoid an error.
|    Use char because int might match the return type of a GCC
|    builtin and then its argument prototype would still apply.  */
| #ifdef __cplusplus
| extern "C"
| #endif
| char pow ();
| int
| main ()
| {
| return pow ();
|   ;
|   return 0;
| }
configure:3900: gcc -o conftest    conftest.c -lm   >&5
conftest.c:17:6: warning: conflicting types for built-in function 'pow' [enabled by default]
configure:3900: $? = 0
configure:3917: result: -lm
configure:3927: checking for library containing dlopen
configure:3958: gcc -o conftest    conftest.c -lm  >&5
/tmp/cc6D5Z7A.o: In function `main':
conftest.c:(.text+0xa): undefined reference to `dlopen'
collect2: ld returned 1 exit status
configure:3958: $? = 1
configure: failed program was:
| /* confdefs.h */
| #define PACKAGE_NAME ""
| #define PACKAGE_TARNAME ""
| #define PACKAGE_VERSION ""
| #define PACKAGE_STRING ""
| #define PACKAGE_BUGREPORT ""
| #define PACKAGE_URL ""
| #define OASYS_CONFIG_STATE 1
| /* end confdefs.h.  */
| 
| /* Override any GCC internal prototype to avoid an error.
|    Use char because int might match the return type of a GCC
|    builtin and then its argument prototype would still apply.  */
| #ifdef __cplusplus
| extern "C"
| #endif
| char dlopen ();
| int
| main ()
| {
| return dlopen ();
|   ;
|   return 0;
| }
configure:3958: gcc -o conftest    conftest.c -ldl  -lm  >&5
configure:3958: $? = 0
configure:3975: result: -ldl
configure:4028: checking for tcl installation (version 8.6)
configure:4039: checking for tcl.h (version 8.6) in /opt/tcl/include
configure:4061: gcc -o conftest -g -O2  -I/opt/tcl/include  conftest.c  >&5
conftest.c:14:18: error: #error "incorrect version"
configure:4061: $? = 1
configure: failed program was:
| /* confdefs.h */
| #define PACKAGE_NAME ""
| #define PACKAGE_TARNAME ""
| #define PACKAGE_VERSION ""
| #define PACKAGE_STRING ""
| #define PACKAGE_BUGREPORT ""
| #define PACKAGE_URL ""
| #define OASYS_CONFIG_STATE 1
| /* end confdefs.h.  */
| 
|                 #include <tcl.h>
| 
|                 #if (TCL_MAJOR_VERSION != 8) ||                     (TCL_MINOR_VERSION != 6)
|                 #error "incorrect version"
|                 #endif
| 
| int
| main ()
| {
| 
| 
|   ;
|   return 0;
| }
configure:4068: result: no
configure:4028: checking for tcl installation (version 8.5)
configure:4039: checking for tcl.h (version 8.5) in /opt/tcl/include
configure:4061: gcc -o conftest -g -O2  -I/opt/tcl/include  conftest.c  >&5
configure:4061: $? = 0
configure:4063: result: yes
configure:4086: checking for tcl library in /opt/tcl/lib: -ltcl8.5 
configure:4109: gcc -o conftest -g -O2  -I/opt/tcl/include  -L/opt/tcl/lib conftest.c -ltcl8.5  >&5
configure:4109: $? = 0
configure:4111: result: yes
configure:4164: checking for library containing Tcl_GetErrorLine
configure:4195: gcc -o conftest -g -O2   conftest.c  >&5
/tmp/cc8m6pr3.o: In function `main':
/home/grui/dtn2/dtn-experiment/DTN/oasys/conftest.c:21: undefined reference to `Tcl_GetErrorLine'
collect2: ld returned 1 exit status
configure:4195: $? = 1
configure: failed program was:
| /* confdefs.h */
| #define PACKAGE_NAME ""
| #define PACKAGE_TARNAME ""
| #define PACKAGE_VERSION ""
| #define PACKAGE_STRING ""
| #define PACKAGE_BUGREPORT ""
| #define PACKAGE_URL ""
| #define OASYS_CONFIG_STATE 1
| /* end confdefs.h.  */
| 
| /* Override any GCC internal prototype to avoid an error.
|    Use char because int might match the return type of a GCC
|    builtin and then its argument prototype would still apply.  */
| #ifdef __cplusplus
| extern "C"
| #endif
| char Tcl_GetErrorLine ();
| int
| main ()
| {
| return Tcl_GetErrorLine ();
|   ;
|   return 0;
| }
configure:4195: gcc -o conftest -g -O2   conftest.c -ltcl   >&5
/usr/bin/ld: cannot find -ltcl
collect2: ld returned 1 exit status
configure:4195: $? = 1
configure: failed program was:
| /* confdefs.h */
| #define PACKAGE_NAME ""
| #define PACKAGE_TARNAME ""
| #define PACKAGE_VERSION ""
| #define PACKAGE_STRING ""
| #define PACKAGE_BUGREPORT ""
| #define PACKAGE_URL ""
| #define OASYS_CONFIG_STATE 1
| /* end confdefs.h.  */
| 
| /* Override any GCC internal prototype to avoid an error.
|    Use char because int might match the return type of a GCC
|    builtin and then its argument prototype would still apply.  */
| #ifdef __cplusplus
| extern "C"
| #endif
| char Tcl_GetErrorLine ();
| int
| main ()
| {
| return Tcl_GetErrorLine ();
|   ;
|   return 0;
| }
configure:4212: result: no
configure:4281: checking for g++
configure:4297: found /usr/bin/g++
configure:4308: result: g++
configure:4335: checking for C++ compiler version
configure:4344: g++ --version >&5
g++ (Ubuntu/Linaro 4.6.3-1ubuntu5) 4.6.3
Copyright (C) 2011 Free Software Foundation, Inc.
This is free software; see the source for copying conditions.  There is NO
warranty; not even for MERCHANTABILITY or FITNESS FOR A PARTICULAR PURPOSE.

configure:4355: $? = 0
configure:4344: g++ -v >&5
Using built-in specs.
COLLECT_GCC=g++
COLLECT_LTO_WRAPPER=/usr/lib/gcc/x86_64-linux-gnu/4.6/lto-wrapper
Target: x86_64-linux-gnu
Configured with: ../src/configure -v --with-pkgversion='Ubuntu/Linaro 4.6.3-1ubuntu5' --with-bugurl=file:///usr/share/doc/gcc-4.6/README.Bugs --enable-languages=c,c++,fortran,objc,obj-c++ --prefix=/usr --program-suffix=-4.6 --enable-shared --enable-linker-build-id --with-system-zlib --libexecdir=/usr/lib --without-included-gettext --enable-threads=posix --with-gxx-include-dir=/usr/include/c++/4.6 --libdir=/usr/lib --enable-nls --with-sysroot=/ --enable-clocale=gnu --enable-libstdcxx-debug --enable-libstdcxx-time=yes --enable-gnu-unique-object --enable-plugin --enable-objc-gc --disable-werror --with-arch-32=i686 --with-tune=generic --enable-checking=release --build=x86_64-linux-gnu --host=x86_64-linux-gnu --target=x86_64-linux-gnu
Thread model: posix
gcc version 4.6.3 (Ubuntu/Linaro 4.6.3-1ubuntu5) 
configure:4355: $? = 0
configure:4344: g++ -V >&5
g++: error: unrecognized option '-V'
g++: fatal error: no input files
compilation terminated.
configure:4355: $? = 4
configure:4344: g++ -qversion >&5
g++: error: unrecognized option '-qversion'
g++: fatal error: no input files
compilation terminated.
configure:4355: $? = 4
configure:4359: checking whether we are using the GNU C++ compiler
configure:4378: g++ -c   conftest.cpp >&5
configure:4378: $? = 0
configure:4387: result: yes
configure:4396: checking whether g++ accepts -g
configure:4416: g++ -c -g  conftest.cpp >&5
configure:4416: $? = 0
configure:4457: result: yes
configure:4499: checking whether to compile with google profiling
configure:4501: result: no
configure:4692: checking how to run the C preprocessor
configure:4723: gcc -E  conftest.c
configure:4723: $? = 0
configure:4737: gcc -E  conftest.c
conftest.c:11:28: fatal error: ac_nonexistent.h: No such file or directory
compilation terminated.
configure:4737: $? = 1
configure: failed program was:
| /* confdefs.h */
| #define PACKAGE_NAME ""
| #define PACKAGE_TARNAME ""
| #define PACKAGE_VERSION ""
| #define PACKAGE_STRING ""
| #define PACKAGE_BUGREPORT ""
| #define PACKAGE_URL ""
| #define OASYS_CONFIG_STATE 1
| #define GOOGLE_PROFILE_ENABLED 0
| /* end confdefs.h.  */
| #include <ac_nonexistent.h>
configure:4762: result: gcc -E
configure:4782: gcc -E  conftest.c
configure:4782: $? = 0
configure:4796: gcc -E  conftest.c
conftest.c:11:28: fatal error: ac_nonexistent.h: No such file or directory
compilation terminated.
configure:4796: $? = 1
configure: failed program was:
| /* confdefs.h */
| #define PACKAGE_NAME ""
| #define PACKAGE_TARNAME ""
| #define PACKAGE_VERSION ""
| #define PACKAGE_STRING ""
| #define PACKAGE_BUGREPORT ""
| #define PACKAGE_URL ""
| #define OASYS_CONFIG_STATE 1
| #define GOOGLE_PROFILE_ENABLED 0
| /* end confdefs.h.  */
| #include <ac_nonexistent.h>
configure:4825: checking for grep that handles long lines and -e
configure:4883: result: /bin/grep
configure:4888: checking for egrep
configure:4950: result: /bin/grep -E
configure:4955: checking for ANSI C header files
configure:4975: gcc -c -g -O2  conftest.c >&5
configure:4975: $? = 0
configure:5048: gcc -o conftest -g -O2   conftest.c  >&5
configure:5048: $? = 0
configure:5048: ./conftest
configure:5048: $? = 0
configure:5059: result: yes
configure:5072: checking for sys/types.h
configure:5072: gcc -c -g -O2  conftest.c >&5
configure:5072: $? = 0
configure:5072: result: yes
configure:5072: checking for sys/stat.h
configure:5072: gcc -c -g -O2  conftest.c >&5
configure:5072: $? = 0
configure:5072: result: yes
configure:5072: checking for stdlib.h
configure:5072: gcc -c -g -O2  conftest.c >&5
configure:5072: $? = 0
configure:5072: result: yes
configure:5072: checking for string.h
configure:5072: gcc -c -g -O2  conftest.c >&5
configure:5072: $? = 0
configure:5072: result: yes
configure:5072: checking for memory.h
configure:5072: gcc -c -g -O2  conftest.c >&5
configure:5072: $? = 0
configure:5072: result: yes
configure:5072: checking for strings.h
configure:5072: gcc -c -g -O2  conftest.c >&5
configure:5072: $? = 0
configure:5072: result: yes
configure:5072: checking for inttypes.h
configure:5072: gcc -c -g -O2  conftest.c >&5
configure:5072: $? = 0
configure:5072: result: yes
configure:5072: checking for stdint.h
configure:5072: gcc -c -g -O2  conftest.c >&5
configure:5072: $? = 0
configure:5072: result: yes
configure:5072: checking for unistd.h
configure:5072: gcc -c -g -O2  conftest.c >&5
configure:5072: $? = 0
configure:5072: result: yes
configure:5098: checking whether bluetooth support should be enabled
configure:5106: result: try
configure:5118: checking for library containing baswap
configure:5149: gcc -o conftest    conftest.c  >&5
/tmp/ccczFDWa.o: In function `main':
conftest.c:(.text+0xa): undefined reference to `baswap'
collect2: ld returned 1 exit status
configure:5149: $? = 1
configure: failed program was:
| /* confdefs.h */
| #define PACKAGE_NAME ""
| #define PACKAGE_TARNAME ""
| #define PACKAGE_VERSION ""
| #define PACKAGE_STRING ""
| #define PACKAGE_BUGREPORT ""
| #define PACKAGE_URL ""
| #define OASYS_CONFIG_STATE 1
| #define GOOGLE_PROFILE_ENABLED 0
| #define STDC_HEADERS 1
| #define HAVE_SYS_TYPES_H 1
| #define HAVE_SYS_STAT_H 1
| #define HAVE_STDLIB_H 1
| #define HAVE_STRING_H 1
| #define HAVE_MEMORY_H 1
| #define HAVE_STRINGS_H 1
| #define HAVE_INTTYPES_H 1
| #define HAVE_STDINT_H 1
| #define HAVE_UNISTD_H 1
| /* end confdefs.h.  */
| 
| /* Override any GCC internal prototype to avoid an error.
|    Use char because int might match the return type of a GCC
|    builtin and then its argument prototype would still apply.  */
| #ifdef __cplusplus
| extern "C"
| #endif
| char baswap ();
| int
| main ()
| {
| return baswap ();
|   ;
|   return 0;
| }
configure:5149: gcc -o conftest    conftest.c -lbluetooth   >&5
/usr/bin/ld: cannot find -lbluetooth
collect2: ld returned 1 exit status
configure:5149: $? = 1
configure: failed program was:
| /* confdefs.h */
| #define PACKAGE_NAME ""
| #define PACKAGE_TARNAME ""
| #define PACKAGE_VERSION ""
| #define PACKAGE_STRING ""
| #define PACKAGE_BUGREPORT ""
| #define PACKAGE_URL ""
| #define OASYS_CONFIG_STATE 1
| #define GOOGLE_PROFILE_ENABLED 0
| #define STDC_HEADERS 1
| #define HAVE_SYS_TYPES_H 1
| #define HAVE_SYS_STAT_H 1
| #define HAVE_STDLIB_H 1
| #define HAVE_STRING_H 1
| #define HAVE_MEMORY_H 1
| #define HAVE_STRINGS_H 1
| #define HAVE_INTTYPES_H 1
| #define HAVE_STDINT_H 1
| #define HAVE_UNISTD_H 1
| /* end confdefs.h.  */
| 
| /* Override any GCC internal prototype to avoid an error.
|    Use char because int might match the return type of a GCC
|    builtin and then its argument prototype would still apply.  */
| #ifdef __cplusplus
| extern "C"
| #endif
| char baswap ();
| int
| main ()
| {
| return baswap ();
|   ;
|   return 0;
| }
configure:5166: result: no
configure:5194: checking bluetooth/bluetooth.h usability
configure:5194: gcc -c -g -O2  conftest.c >&5
conftest.c:54:33: fatal error: bluetooth/bluetooth.h: No such file or directory
compilation terminated.
configure:5194: $? = 1
configure: failed program was:
| /* confdefs.h */
| #define PACKAGE_NAME ""
| #define PACKAGE_TARNAME ""
| #define PACKAGE_VERSION ""
| #define PACKAGE_STRING ""
| #define PACKAGE_BUGREPORT ""
| #define PACKAGE_URL ""
| #define OASYS_CONFIG_STATE 1
| #define GOOGLE_PROFILE_ENABLED 0
| #define STDC_HEADERS 1
| #define HAVE_SYS_TYPES_H 1
| #define HAVE_SYS_STAT_H 1
| #define HAVE_STDLIB_H 1
| #define HAVE_STRING_H 1
| #define HAVE_MEMORY_H 1
| #define HAVE_STRINGS_H 1
| #define HAVE_INTTYPES_H 1
| #define HAVE_STDINT_H 1
| #define HAVE_UNISTD_H 1
| /* end confdefs.h.  */
| #include <stdio.h>
| #ifdef HAVE_SYS_TYPES_H
| # include <sys/types.h>
| #endif
| #ifdef HAVE_SYS_STAT_H
| # include <sys/stat.h>
| #endif
| #ifdef STDC_HEADERS
| # include <stdlib.h>
| # include <stddef.h>
| #else
| # ifdef HAVE_STDLIB_H
| #  include <stdlib.h>
| # endif
| #endif
| #ifdef HAVE_STRING_H
| # if !defined STDC_HEADERS && defined HAVE_MEMORY_H
| #  include <memory.h>
| # endif
| # include <string.h>
| #endif
| #ifdef HAVE_STRINGS_H
| # include <strings.h>
| #endif
| #ifdef HAVE_INTTYPES_H
| # include <inttypes.h>
| #endif
| #ifdef HAVE_STDINT_H
| # include <stdint.h>
| #endif
| #ifdef HAVE_UNISTD_H
| # include <unistd.h>
| #endif
| #include <bluetooth/bluetooth.h>
configure:5194: result: no
configure:5194: checking bluetooth/bluetooth.h presence
configure:5194: gcc -E  conftest.c
conftest.c:21:33: fatal error: bluetooth/bluetooth.h: No such file or directory
compilation terminated.
configure:5194: $? = 1
configure: failed program was:
| /* confdefs.h */
| #define PACKAGE_NAME ""
| #define PACKAGE_TARNAME ""
| #define PACKAGE_VERSION ""
| #define PACKAGE_STRING ""
| #define PACKAGE_BUGREPORT ""
| #define PACKAGE_URL ""
| #define OASYS_CONFIG_STATE 1
| #define GOOGLE_PROFILE_ENABLED 0
| #define STDC_HEADERS 1
| #define HAVE_SYS_TYPES_H 1
| #define HAVE_SYS_STAT_H 1
| #define HAVE_STDLIB_H 1
| #define HAVE_STRING_H 1
| #define HAVE_MEMORY_H 1
| #define HAVE_STRINGS_H 1
| #define HAVE_INTTYPES_H 1
| #define HAVE_STDINT_H 1
| #define HAVE_UNISTD_H 1
| /* end confdefs.h.  */
| #include <bluetooth/bluetooth.h>
configure:5194: result: no
configure:5194: checking for bluetooth/bluetooth.h
configure:5194: result: no
configure:5205: checking whether bluetooth support was found
configure:5216: result: no
configure:5234: checking whether expat support should be enabled
configure:5244: result: try
configure:5290: checking for expat in /usr/include, /usr/lib, -lexpat
configure:5308: gcc -o conftest -g -O2  -I/usr/include  -L/usr/lib conftest.c -lexpat  >&5
configure:5308: $? = 0
configure:5310: result: yes
configure:5335: checking whether libexpat was found
configure:5338: result: yes
configure:5382: checking whether xerces-c support should be enabled
configure:5398: result: try
configure:5411: checking whether xerces-c (>= v2.6.0 and < v3.0.0) was found
configure:5462: g++ -o conftest -g -O2 -I/usr/include -L/usr/lib conftest.cpp -lxerces-c >&5
conftest.cpp:23:70: fatal error: xercesc/util/PlatformUtils.hpp: No such file or directory
compilation terminated.
configure:5462: $? = 1
configure: failed program was:
| /* confdefs.h */
| #define PACKAGE_NAME ""
| #define PACKAGE_TARNAME ""
| #define PACKAGE_VERSION ""
| #define PACKAGE_STRING ""
| #define PACKAGE_BUGREPORT ""
| #define PACKAGE_URL ""
| #define OASYS_CONFIG_STATE 1
| #define GOOGLE_PROFILE_ENABLED 0
| #define STDC_HEADERS 1
| #define HAVE_SYS_TYPES_H 1
| #define HAVE_SYS_STAT_H 1
| #define HAVE_STDLIB_H 1
| #define HAVE_STRING_H 1
| #define HAVE_MEMORY_H 1
| #define HAVE_STRINGS_H 1
| #define HAVE_INTTYPES_H 1
| #define HAVE_STDINT_H 1
| #define HAVE_UNISTD_H 1
| #define LIBEXPAT_ENABLED 1
| /* end confdefs.h.  */
| 
|                             #include <xercesc/util/PlatformUtils.hpp>
|                             #include <xercesc/util/XMLString.hpp>
|                             #include <xercesc/dom/DOM.hpp>
| 
| int
| main ()
| {
| 
| 			    #if _XERCES_VERSION >= 30000
| 				#error
| 			    #else
| 				#if _XERCES_VERSION >= 20600
| 
| 				xercesc::XMLPlatformUtils::Initialize();
| 				{
| 				    xercesc::DOMImplementation* impl
| 					= xercesc::DOMImplementationRegistry::getDOMImplementation
| 							(xercesc::XMLString::transcode("XML 1.0"));
| 				}
| 				xercesc::XMLPlatformUtils::Terminate();
| 
| 				#else
| 					#error
| 				#endif
|                             #endif
| 
|   ;
|   return 0;
| }
configure:5462: g++ -o conftest -g -O2 -I/usr/local/include -L/usr/local/lib conftest.cpp -lxerces-c >&5
conftest.cpp:23:70: fatal error: xercesc/util/PlatformUtils.hpp: No such file or directory
compilation terminated.
configure:5462: $? = 1
configure: failed program was:
| /* confdefs.h */
| #define PACKAGE_NAME ""
| #define PACKAGE_TARNAME ""
| #define PACKAGE_VERSION ""
| #define PACKAGE_STRING ""
| #define PACKAGE_BUGREPORT ""
| #define PACKAGE_URL ""
| #define OASYS_CONFIG_STATE 1
| #define GOOGLE_PROFILE_ENABLED 0
| #define STDC_HEADERS 1
| #define HAVE_SYS_TYPES_H 1
| #define HAVE_SYS_STAT_H 1
| #define HAVE_STDLIB_H 1
| #define HAVE_STRING_H 1
| #define HAVE_MEMORY_H 1
| #define HAVE_STRINGS_H 1
| #define HAVE_INTTYPES_H 1
| #define HAVE_STDINT_H 1
| #define HAVE_UNISTD_H 1
| #define LIBEXPAT_ENABLED 1
| /* end confdefs.h.  */
| 
|                             #include <xercesc/util/PlatformUtils.hpp>
|                             #include <xercesc/util/XMLString.hpp>
|                             #include <xercesc/dom/DOM.hpp>
| 
| int
| main ()
| {
| 
| 			    #if _XERCES_VERSION >= 30000
| 				#error
| 			    #else
| 				#if _XERCES_VERSION >= 20600
| 
| 				xercesc::XMLPlatformUtils::Initialize();
| 				{
| 				    xercesc::DOMImplementation* impl
| 					= xercesc::DOMImplementationRegistry::getDOMImplementation
| 							(xercesc::XMLString::transcode("XML 1.0"));
| 				}
| 				xercesc::XMLPlatformUtils::Terminate();
| 
| 				#else
| 					#error
| 				#endif
|                             #endif
| 
|   ;
|   return 0;
| }
configure:5486: result: no
configure:5510: checking how to run the C++ preprocessor
configure:5537: g++ -E  conftest.cpp
configure:5537: $? = 0
configure:5551: g++ -E  conftest.cpp
conftest.cpp:22:28: fatal error: ac_nonexistent.h: No such file or directory
compilation terminated.
configure:5551: $? = 1
configure: failed program was:
| /* confdefs.h */
| #define PACKAGE_NAME ""
| #define PACKAGE_TARNAME ""
| #define PACKAGE_VERSION ""
| #define PACKAGE_STRING ""
| #define PACKAGE_BUGREPORT ""
| #define PACKAGE_URL ""
| #define OASYS_CONFIG_STATE 1
| #define GOOGLE_PROFILE_ENABLED 0
| #define STDC_HEADERS 1
| #define HAVE_SYS_TYPES_H 1
| #define HAVE_SYS_STAT_H 1
| #define HAVE_STDLIB_H 1
| #define HAVE_STRING_H 1
| #define HAVE_MEMORY_H 1
| #define HAVE_STRINGS_H 1
| #define HAVE_INTTYPES_H 1
| #define HAVE_STDINT_H 1
| #define HAVE_UNISTD_H 1
| #define LIBEXPAT_ENABLED 1
| /* end confdefs.h.  */
| #include <ac_nonexistent.h>
configure:5576: result: g++ -E
configure:5596: g++ -E  conftest.cpp
configure:5596: $? = 0
configure:5610: g++ -E  conftest.cpp
conftest.cpp:22:28: fatal error: ac_nonexistent.h: No such file or directory
compilation terminated.
configure:5610: $? = 1
configure: failed program was:
| /* confdefs.h */
| #define PACKAGE_NAME ""
| #define PACKAGE_TARNAME ""
| #define PACKAGE_VERSION ""
| #define PACKAGE_STRING ""
| #define PACKAGE_BUGREPORT ""
| #define PACKAGE_URL ""
| #define OASYS_CONFIG_STATE 1
| #define GOOGLE_PROFILE_ENABLED 0
| #define STDC_HEADERS 1
| #define HAVE_SYS_TYPES_H 1
| #define HAVE_SYS_STAT_H 1
| #define HAVE_STDLIB_H 1
| #define HAVE_STRING_H 1
| #define HAVE_MEMORY_H 1
| #define HAVE_STRINGS_H 1
| #define HAVE_INTTYPES_H 1
| #define HAVE_STDINT_H 1
| #define HAVE_UNISTD_H 1
| #define LIBEXPAT_ENABLED 1
| /* end confdefs.h.  */
| #include <ac_nonexistent.h>
configure:5651: checking whether tclreadline support should be enabled
configure:5661: result: try
configure:5680: checking searching for the readline library development headers
configure:5684: checking readline/readline.h usability
configure:5684: g++ -c -g -O2  conftest.cpp >&5
conftest.cpp:55:31: fatal error: readline/readline.h: No such file or directory
compilation terminated.
configure:5684: $? = 1
configure: failed program was:
| /* confdefs.h */
| #define PACKAGE_NAME ""
| #define PACKAGE_TARNAME ""
| #define PACKAGE_VERSION ""
| #define PACKAGE_STRING ""
| #define PACKAGE_BUGREPORT ""
| #define PACKAGE_URL ""
| #define OASYS_CONFIG_STATE 1
| #define GOOGLE_PROFILE_ENABLED 0
| #define STDC_HEADERS 1
| #define HAVE_SYS_TYPES_H 1
| #define HAVE_SYS_STAT_H 1
| #define HAVE_STDLIB_H 1
| #define HAVE_STRING_H 1
| #define HAVE_MEMORY_H 1
| #define HAVE_STRINGS_H 1
| #define HAVE_INTTYPES_H 1
| #define HAVE_STDINT_H 1
| #define HAVE_UNISTD_H 1
| #define LIBEXPAT_ENABLED 1
| /* end confdefs.h.  */
| #include <stdio.h>
| #ifdef HAVE_SYS_TYPES_H
| # include <sys/types.h>
| #endif
| #ifdef HAVE_SYS_STAT_H
| # include <sys/stat.h>
| #endif
| #ifdef STDC_HEADERS
| # include <stdlib.h>
| # include <stddef.h>
| #else
| # ifdef HAVE_STDLIB_H
| #  include <stdlib.h>
| # endif
| #endif
| #ifdef HAVE_STRING_H
| # if !defined STDC_HEADERS && defined HAVE_MEMORY_H
| #  include <memory.h>
| # endif
| # include <string.h>
| #endif
| #ifdef HAVE_STRINGS_H
| # include <strings.h>
| #endif
| #ifdef HAVE_INTTYPES_H
| # include <inttypes.h>
| #endif
| #ifdef HAVE_STDINT_H
| # include <stdint.h>
| #endif
| #ifdef HAVE_UNISTD_H
| # include <unistd.h>
| #endif
| #include <readline/readline.h>
configure:5684: result: no
configure:5684: checking readline/readline.h presence
configure:5684: g++ -E  conftest.cpp
conftest.cpp:22:31: fatal error: readline/readline.h: No such file or directory
compilation terminated.
configure:5684: $? = 1
configure: failed program was:
| /* confdefs.h */
| #define PACKAGE_NAME ""
| #define PACKAGE_TARNAME ""
| #define PACKAGE_VERSION ""
| #define PACKAGE_STRING ""
| #define PACKAGE_BUGREPORT ""
| #define PACKAGE_URL ""
| #define OASYS_CONFIG_STATE 1
| #define GOOGLE_PROFILE_ENABLED 0
| #define STDC_HEADERS 1
| #define HAVE_SYS_TYPES_H 1
| #define HAVE_SYS_STAT_H 1
| #define HAVE_STDLIB_H 1
| #define HAVE_STRING_H 1
| #define HAVE_MEMORY_H 1
| #define HAVE_STRINGS_H 1
| #define HAVE_INTTYPES_H 1
| #define HAVE_STDINT_H 1
| #define HAVE_UNISTD_H 1
| #define LIBEXPAT_ENABLED 1
| /* end confdefs.h.  */
| #include <readline/readline.h>
configure:5684: result: no
configure:5684: checking for readline/readline.h
configure:5684: result: no
configure:5696: checking for library containing readline
configure:5727: g++ -o conftest -g -O2   conftest.cpp  >&5
/tmp/cctgdd1L.o: In function `main':
/home/grui/dtn2/dtn-experiment/DTN/oasys/conftest.cpp:33: undefined reference to `readline'
collect2: ld returned 1 exit status
configure:5727: $? = 1
configure: failed program was:
| /* confdefs.h */
| #define PACKAGE_NAME ""
| #define PACKAGE_TARNAME ""
| #define PACKAGE_VERSION ""
| #define PACKAGE_STRING ""
| #define PACKAGE_BUGREPORT ""
| #define PACKAGE_URL ""
| #define OASYS_CONFIG_STATE 1
| #define GOOGLE_PROFILE_ENABLED 0
| #define STDC_HEADERS 1
| #define HAVE_SYS_TYPES_H 1
| #define HAVE_SYS_STAT_H 1
| #define HAVE_STDLIB_H 1
| #define HAVE_STRING_H 1
| #define HAVE_MEMORY_H 1
| #define HAVE_STRINGS_H 1
| #define HAVE_INTTYPES_H 1
| #define HAVE_STDINT_H 1
| #define HAVE_UNISTD_H 1
| #define LIBEXPAT_ENABLED 1
| /* end confdefs.h.  */
| 
| /* Override any GCC internal prototype to avoid an error.
|    Use char because int might match the return type of a GCC
|    builtin and then its argument prototype would still apply.  */
| #ifdef __cplusplus
| extern "C"
| #endif
| char readline ();
| int
| main ()
| {
| return readline ();
|   ;
|   return 0;
| }
configure:5727: g++ -o conftest -g -O2   conftest.cpp -lreadline   >&5
/usr/bin/ld: cannot find -lreadline
collect2: ld returned 1 exit status
configure:5727: $? = 1
configure: failed program was:
| /* confdefs.h */
| #define PACKAGE_NAME ""
| #define PACKAGE_TARNAME ""
| #define PACKAGE_VERSION ""
| #define PACKAGE_STRING ""
| #define PACKAGE_BUGREPORT ""
| #define PACKAGE_URL ""
| #define OASYS_CONFIG_STATE 1
| #define GOOGLE_PROFILE_ENABLED 0
| #define STDC_HEADERS 1
| #define HAVE_SYS_TYPES_H 1
| #define HAVE_SYS_STAT_H 1
| #define HAVE_STDLIB_H 1
| #define HAVE_STRING_H 1
| #define HAVE_MEMORY_H 1
| #define HAVE_STRINGS_H 1
| #define HAVE_INTTYPES_H 1
| #define HAVE_STDINT_H 1
| #define HAVE_UNISTD_H 1
| #define LIBEXPAT_ENABLED 1
| /* end confdefs.h.  */
| 
| /* Override any GCC internal prototype to avoid an error.
|    Use char because int might match the return type of a GCC
|    builtin and then its argument prototype would still apply.  */
| #ifdef __cplusplus
| extern "C"
| #endif
| char readline ();
| int
| main ()
| {
| return readline ();
|   ;
|   return 0;
| }
configure:5744: result: no
configure:5822: checking whether tclreadline support was found
configure:5824: result: no
configure:5876: checking whether zlib support should be enabled
configure:5884: result: try
configure:5896: checking for library containing compress
configure:5927: g++ -o conftest -g -O2   conftest.cpp  >&5
/tmp/ccQfh9mZ.o: In function `main':
/home/grui/dtn2/dtn-experiment/DTN/oasys/conftest.cpp:34: undefined reference to `compress'
collect2: ld returned 1 exit status
configure:5927: $? = 1
configure: failed program was:
| /* confdefs.h */
| #define PACKAGE_NAME ""
| #define PACKAGE_TARNAME ""
| #define PACKAGE_VERSION ""
| #define PACKAGE_STRING ""
| #define PACKAGE_BUGREPORT ""
| #define PACKAGE_URL ""
| #define OASYS_CONFIG_STATE 1
| #define GOOGLE_PROFILE_ENABLED 0
| #define STDC_HEADERS 1
| #define HAVE_SYS_TYPES_H 1
| #define HAVE_SYS_STAT_H 1
| #define HAVE_STDLIB_H 1
| #define HAVE_STRING_H 1
| #define HAVE_MEMORY_H 1
| #define HAVE_STRINGS_H 1
| #define HAVE_INTTYPES_H 1
| #define HAVE_STDINT_H 1
| #define HAVE_UNISTD_H 1
| #define LIBEXPAT_ENABLED 1
| #define TCLREADLINE_ENABLED 0
| /* end confdefs.h.  */
| 
| /* Override any GCC internal prototype to avoid an error.
|    Use char because int might match the return type of a GCC
|    builtin and then its argument prototype would still apply.  */
| #ifdef __cplusplus
| extern "C"
| #endif
| char compress ();
| int
| main ()
| {
| return compress ();
|   ;
|   return 0;
| }
configure:5927: g++ -o conftest -g -O2   conftest.cpp -lz   >&5
configure:5927: $? = 0
configure:5944: result: -lz
configure:5952: checking for library containing compressBound
configure:5983: g++ -o conftest -g -O2   conftest.cpp -lz  >&5
configure:5983: $? = 0
configure:6000: result: none required
configure:6026: checking whether zlib support was found
configure:6033: result: yes
configure:6104: checking for xsd
configure:6134: result: no
configure:6154: Cannot find a working xsd tool
configure:6156:    You will not be able to regenerate XML schema bindings
configure:6158:    if you make changes to the .xsd file
configure:6160:    Use --with-xsd-tool=(name) to specify the location of this tool
configure:6240: checking for Berkeley DB header (version 5.3) in /opt/db/include
configure:6261: g++ -o conftest -g -O2  -I/opt/db/include  conftest.cpp  >&5
configure:6261: $? = 0
configure:6263: result: yes
configure:6286: checking for Berkeley DB library in /opt/db/lib, -ldb-5.3
configure:6304: g++ -o conftest -g -O2  -I/opt/db/include  -L/opt/db/lib conftest.cpp -ldb-5.3  >&5
configure:6304: $? = 0
configure:6306: result: yes
configure:7004: checking whether ax25 support should be enabled
configure:7012: result: try
configure:7026: checking netax25/ax25.h usability
configure:7026: g++ -c -g -O2  conftest.cpp >&5
configure:7026: $? = 0
configure:7026: result: yes
configure:7026: checking netax25/ax25.h presence
configure:7026: g++ -E  conftest.cpp
configure:7026: $? = 0
configure:7026: result: yes
configure:7026: checking for netax25/ax25.h
configure:7026: result: yes
configure:7038: checking netax25/axlib.h usability
configure:7038: g++ -c -g -O2  conftest.cpp >&5
conftest.cpp:61:27: fatal error: netax25/axlib.h: No such file or directory
compilation terminated.
configure:7038: $? = 1
configure: failed program was:
| /* confdefs.h */
| #define PACKAGE_NAME ""
| #define PACKAGE_TARNAME ""
| #define PACKAGE_VERSION ""
| #define PACKAGE_STRING ""
| #define PACKAGE_BUGREPORT ""
| #define PACKAGE_URL ""
| #define OASYS_CONFIG_STATE 1
| #define GOOGLE_PROFILE_ENABLED 0
| #define STDC_HEADERS 1
| #define HAVE_SYS_TYPES_H 1
| #define HAVE_SYS_STAT_H 1
| #define HAVE_STDLIB_H 1
| #define HAVE_STRING_H 1
| #define HAVE_MEMORY_H 1
| #define HAVE_STRINGS_H 1
| #define HAVE_INTTYPES_H 1
| #define HAVE_STDINT_H 1
| #define HAVE_UNISTD_H 1
| #define LIBEXPAT_ENABLED 1
| #define TCLREADLINE_ENABLED 0
| #define OASYS_ZLIB_ENABLED 1
| #define OASYS_ZLIB_HAS_COMPRESS_BOUND 1
| #define LIBDB_ENABLED 1
| #define BERKELEY_DB_VERSION 5.3
| #define HAVE_NETAX25_AX25_H 1
| /* end confdefs.h.  */
| #include <stdio.h>
| #ifdef HAVE_SYS_TYPES_H
| # include <sys/types.h>
| #endif
| #ifdef HAVE_SYS_STAT_H
| # include <sys/stat.h>
| #endif
| #ifdef STDC_HEADERS
| # include <stdlib.h>
| # include <stddef.h>
| #else
| # ifdef HAVE_STDLIB_H
| #  include <stdlib.h>
| # endif
| #endif
| #ifdef HAVE_STRING_H
| # if !defined STDC_HEADERS && defined HAVE_MEMORY_H
| #  include <memory.h>
| # endif
| # include <string.h>
| #endif
| #ifdef HAVE_STRINGS_H
| # include <strings.h>
| #endif
| #ifdef HAVE_INTTYPES_H
| # include <inttypes.h>
| #endif
| #ifdef HAVE_STDINT_H
| # include <stdint.h>
| #endif
| #ifdef HAVE_UNISTD_H
| # include <unistd.h>
| #endif
| #include <netax25/axlib.h>
configure:7038: result: no
configure:7038: checking netax25/axlib.h presence
configure:7038: g++ -E  conftest.cpp
conftest.cpp:28:27: fatal error: netax25/axlib.h: No such file or directory
compilation terminated.
configure:7038: $? = 1
configure: failed program was:
| /* confdefs.h */
| #define PACKAGE_NAME ""
| #define PACKAGE_TARNAME ""
| #define PACKAGE_VERSION ""
| #define PACKAGE_STRING ""
| #define PACKAGE_BUGREPORT ""
| #define PACKAGE_URL ""
| #define OASYS_CONFIG_STATE 1
| #define GOOGLE_PROFILE_ENABLED 0
| #define STDC_HEADERS 1
| #define HAVE_SYS_TYPES_H 1
| #define HAVE_SYS_STAT_H 1
| #define HAVE_STDLIB_H 1
| #define HAVE_STRING_H 1
| #define HAVE_MEMORY_H 1
| #define HAVE_STRINGS_H 1
| #define HAVE_INTTYPES_H 1
| #define HAVE_STDINT_H 1
| #define HAVE_UNISTD_H 1
| #define LIBEXPAT_ENABLED 1
| #define TCLREADLINE_ENABLED 0
| #define OASYS_ZLIB_ENABLED 1
| #define OASYS_ZLIB_HAS_COMPRESS_BOUND 1
| #define LIBDB_ENABLED 1
| #define BERKELEY_DB_VERSION 5.3
| #define HAVE_NETAX25_AX25_H 1
| /* end confdefs.h.  */
| #include <netax25/axlib.h>
configure:7038: result: no
configure:7038: checking for netax25/axlib.h
configure:7038: result: no
configure:7050: checking for netax25/axconfig.h
configure:7050: g++ -c -g -O2  conftest.cpp >&5
conftest.cpp:36:30: fatal error: netax25/axconfig.h: No such file or directory
compilation terminated.
configure:7050: $? = 1
configure: failed program was:
| /* confdefs.h */
| #define PACKAGE_NAME ""
| #define PACKAGE_TARNAME ""
| #define PACKAGE_VERSION ""
| #define PACKAGE_STRING ""
| #define PACKAGE_BUGREPORT ""
| #define PACKAGE_URL ""
| #define OASYS_CONFIG_STATE 1
| #define GOOGLE_PROFILE_ENABLED 0
| #define STDC_HEADERS 1
| #define HAVE_SYS_TYPES_H 1
| #define HAVE_SYS_STAT_H 1
| #define HAVE_STDLIB_H 1
| #define HAVE_STRING_H 1
| #define HAVE_MEMORY_H 1
| #define HAVE_STRINGS_H 1
| #define HAVE_INTTYPES_H 1
| #define HAVE_STDINT_H 1
| #define HAVE_UNISTD_H 1
| #define LIBEXPAT_ENABLED 1
| #define TCLREADLINE_ENABLED 0
| #define OASYS_ZLIB_ENABLED 1
| #define OASYS_ZLIB_HAS_COMPRESS_BOUND 1
| #define LIBDB_ENABLED 1
| #define BERKELEY_DB_VERSION 5.3
| #define HAVE_NETAX25_AX25_H 1
| /* end confdefs.h.  */
| #if HAVE_NETAX25_AX25_H
|      	# include <netax25/ax25.h>
|      	#endif
|      	#if HAVE_NETAX25_AXLIB_H
|      	# include <netax25/axlib.h>
|      	#endif
| 
| 
| #include <netax25/axconfig.h>
configure:7050: result: no
configure:7067: checking for library containing ax25_config_load_ports
configure:7098: g++ -o conftest -g -O2   conftest.cpp  >&5
/tmp/ccIg5gCG.o: In function `main':
/home/grui/dtn2/dtn-experiment/DTN/oasys/conftest.cpp:39: undefined reference to `ax25_config_load_ports'
collect2: ld returned 1 exit status
configure:7098: $? = 1
configure: failed program was:
| /* confdefs.h */
| #define PACKAGE_NAME ""
| #define PACKAGE_TARNAME ""
| #define PACKAGE_VERSION ""
| #define PACKAGE_STRING ""
| #define PACKAGE_BUGREPORT ""
| #define PACKAGE_URL ""
| #define OASYS_CONFIG_STATE 1
| #define GOOGLE_PROFILE_ENABLED 0
| #define STDC_HEADERS 1
| #define HAVE_SYS_TYPES_H 1
| #define HAVE_SYS_STAT_H 1
| #define HAVE_STDLIB_H 1
| #define HAVE_STRING_H 1
| #define HAVE_MEMORY_H 1
| #define HAVE_STRINGS_H 1
| #define HAVE_INTTYPES_H 1
| #define HAVE_STDINT_H 1
| #define HAVE_UNISTD_H 1
| #define LIBEXPAT_ENABLED 1
| #define TCLREADLINE_ENABLED 0
| #define OASYS_ZLIB_ENABLED 1
| #define OASYS_ZLIB_HAS_COMPRESS_BOUND 1
| #define LIBDB_ENABLED 1
| #define BERKELEY_DB_VERSION 5.3
| #define HAVE_NETAX25_AX25_H 1
| /* end confdefs.h.  */
| 
| /* Override any GCC internal prototype to avoid an error.
|    Use char because int might match the return type of a GCC
|    builtin and then its argument prototype would still apply.  */
| #ifdef __cplusplus
| extern "C"
| #endif
| char ax25_config_load_ports ();
| int
| main ()
| {
| return ax25_config_load_ports ();
|   ;
|   return 0;
| }
configure:7098: g++ -o conftest -g -O2   conftest.cpp -lax25   >&5
/usr/bin/ld: cannot find -lax25
collect2: ld returned 1 exit status
configure:7098: $? = 1
configure: failed program was:
| /* confdefs.h */
| #define PACKAGE_NAME ""
| #define PACKAGE_TARNAME ""
| #define PACKAGE_VERSION ""
| #define PACKAGE_STRING ""
| #define PACKAGE_BUGREPORT ""
| #define PACKAGE_URL ""
| #define OASYS_CONFIG_STATE 1
| #define GOOGLE_PROFILE_ENABLED 0
| #define STDC_HEADERS 1
| #define HAVE_SYS_TYPES_H 1
| #define HAVE_SYS_STAT_H 1
| #define HAVE_STDLIB_H 1
| #define HAVE_STRING_H 1
| #define HAVE_MEMORY_H 1
| #define HAVE_STRINGS_H 1
| #define HAVE_INTTYPES_H 1
| #define HAVE_STDINT_H 1
| #define HAVE_UNISTD_H 1
| #define LIBEXPAT_ENABLED 1
| #define TCLREADLINE_ENABLED 0
| #define OASYS_ZLIB_ENABLED 1
| #define OASYS_ZLIB_HAS_COMPRESS_BOUND 1
| #define LIBDB_ENABLED 1
| #define BERKELEY_DB_VERSION 5.3
| #define HAVE_NETAX25_AX25_H 1
| /* end confdefs.h.  */
| 
| /* Override any GCC internal prototype to avoid an error.
|    Use char because int might match the return type of a GCC
|    builtin and then its argument prototype would still apply.  */
| #ifdef __cplusplus
| extern "C"
| #endif
| char ax25_config_load_ports ();
| int
| main ()
| {
| return ax25_config_load_ports ();
|   ;
|   return 0;
| }
configure:7115: result: no
configure:7141: checking whether ax25 support was found
configure:7151: result: no
configure:7170: checking whether odbc support should be enabled (needs ODBC version >= 3.51)
configure:7180: result: try
configure:7225: checking for ODBC in /usr/include, /usr/lib, -lodbc
configure:7247: g++ -o conftest -g -O2 -I/usr/include -L/usr/lib conftest.cpp -lodbc  >&5
conftest.cpp:29:46: fatal error: /usr/include/sql.h: No such file or directory
compilation terminated.
configure:7247: $? = 1
configure: failed program was:
| /* confdefs.h */
| #define PACKAGE_NAME ""
| #define PACKAGE_TARNAME ""
| #define PACKAGE_VERSION ""
| #define PACKAGE_STRING ""
| #define PACKAGE_BUGREPORT ""
| #define PACKAGE_URL ""
| #define OASYS_CONFIG_STATE 1
| #define GOOGLE_PROFILE_ENABLED 0
| #define STDC_HEADERS 1
| #define HAVE_SYS_TYPES_H 1
| #define HAVE_SYS_STAT_H 1
| #define HAVE_STDLIB_H 1
| #define HAVE_STRING_H 1
| #define HAVE_MEMORY_H 1
| #define HAVE_STRINGS_H 1
| #define HAVE_INTTYPES_H 1
| #define HAVE_STDINT_H 1
| #define HAVE_UNISTD_H 1
| #define LIBEXPAT_ENABLED 1
| #define TCLREADLINE_ENABLED 0
| #define OASYS_ZLIB_ENABLED 1
| #define OASYS_ZLIB_HAS_COMPRESS_BOUND 1
| #define LIBDB_ENABLED 1
| #define BERKELEY_DB_VERSION 5.3
| #define HAVE_NETAX25_AX25_H 1
| /* end confdefs.h.  */
| 
|                 #include "/usr/include/sql.h"
|                 #include "/usr/include/sqlext.h"
|                 #include "/usr/include/sqltypes.h"
|                 #include "/usr/include/sqlucode.h"
| 
| int
| main ()
| {
| 
|                 SQLHENV henv;
|                 SQLAllocHandle( SQL_HANDLE_ENV, SQL_NULL_HANDLE, &henv );
|                 SQLFreeHandle( SQL_HANDLE_ENV, henv );
| 
|   ;
|   return 0;
| }
configure:7258: result: no
configure:7225: checking for ODBC in /usr/local/include, /usr/lib, -lodbc
configure:7247: g++ -o conftest -g -O2 -I/usr/local/include -L/usr/lib conftest.cpp -lodbc  >&5
conftest.cpp:29:52: fatal error: /usr/local/include/sql.h: No such file or directory
compilation terminated.
configure:7247: $? = 1
configure: failed program was:
| /* confdefs.h */
| #define PACKAGE_NAME ""
| #define PACKAGE_TARNAME ""
| #define PACKAGE_VERSION ""
| #define PACKAGE_STRING ""
| #define PACKAGE_BUGREPORT ""
| #define PACKAGE_URL ""
| #define OASYS_CONFIG_STATE 1
| #define GOOGLE_PROFILE_ENABLED 0
| #define STDC_HEADERS 1
| #define HAVE_SYS_TYPES_H 1
| #define HAVE_SYS_STAT_H 1
| #define HAVE_STDLIB_H 1
| #define HAVE_STRING_H 1
| #define HAVE_MEMORY_H 1
| #define HAVE_STRINGS_H 1
| #define HAVE_INTTYPES_H 1
| #define HAVE_STDINT_H 1
| #define HAVE_UNISTD_H 1
| #define LIBEXPAT_ENABLED 1
| #define TCLREADLINE_ENABLED 0
| #define OASYS_ZLIB_ENABLED 1
| #define OASYS_ZLIB_HAS_COMPRESS_BOUND 1
| #define LIBDB_ENABLED 1
| #define BERKELEY_DB_VERSION 5.3
| #define HAVE_NETAX25_AX25_H 1
| /* end confdefs.h.  */
| 
|                 #include "/usr/local/include/sql.h"
|                 #include "/usr/local/include/sqlext.h"
|                 #include "/usr/local/include/sqltypes.h"
|                 #include "/usr/local/include/sqlucode.h"
| 
| int
| main ()
| {
| 
|                 SQLHENV henv;
|                 SQLAllocHandle( SQL_HANDLE_ENV, SQL_NULL_HANDLE, &henv );
|                 SQLFreeHandle( SQL_HANDLE_ENV, henv );
| 
|   ;
|   return 0;
| }
configure:7258: result: no
configure:7313: checking whether libodbc was found
configure:7319: result: no
configure:7426: checking for a C compiler (trying gcc)
configure:7428: result: 
configure:7542: checking for C compiler version
configure:7551: gcc --version >&5
gcc (Ubuntu/Linaro 4.6.3-1ubuntu5) 4.6.3
Copyright (C) 2011 Free Software Foundation, Inc.
This is free software; see the source for copying conditions.  There is NO
warranty; not even for MERCHANTABILITY or FITNESS FOR A PARTICULAR PURPOSE.

configure:7562: $? = 0
configure:7551: gcc -v >&5
Using built-in specs.
COLLECT_GCC=gcc
COLLECT_LTO_WRAPPER=/usr/lib/gcc/x86_64-linux-gnu/4.6/lto-wrapper
Target: x86_64-linux-gnu
Configured with: ../src/configure -v --with-pkgversion='Ubuntu/Linaro 4.6.3-1ubuntu5' --with-bugurl=file:///usr/share/doc/gcc-4.6/README.Bugs --enable-languages=c,c++,fortran,objc,obj-c++ --prefix=/usr --program-suffix=-4.6 --enable-shared --enable-linker-build-id --with-system-zlib --libexecdir=/usr/lib --without-included-gettext --enable-threads=posix --with-gxx-include-dir=/usr/include/c++/4.6 --libdir=/usr/lib --enable-nls --with-sysroot=/ --enable-clocale=gnu --enable-libstdcxx-debug --enable-libstdcxx-time=yes --enable-gnu-unique-object --enable-plugin --enable-objc-gc --disable-werror --with-arch-32=i686 --with-tune=generic --enable-checking=release --build=x86_64-linux-gnu --host=x86_64-linux-gnu --target=x86_64-linux-gnu
Thread model: posix
gcc version 4.6.3 (Ubuntu/Linaro 4.6.3-1ubuntu5) 
configure:7562: $? = 0
configure:7551: gcc -V >&5
gcc: error: unrecognized option '-V'
gcc: fatal error: no input files
compilation terminated.
configure:7562: $? = 4
configure:7551: gcc -qversion >&5
gcc: error: unrecognized option '-qversion'
gcc: fatal error: no input files
compilation terminated.
configure:7562: $? = 4
configure:7566: checking whether we are using the GNU C compiler
configure:7594: result: yes
configure:7603: checking whether gcc accepts -g
configure:7664: result: yes
configure:7681: checking for gcc option to accept ISO C89
configure:7757: result: none needed
configure:7778: checking for a C++ compiler (trying g++)
configure:7780: result: 
configure:7894: checking for C++ compiler version
configure:7903: g++ --version >&5
g++ (Ubuntu/Linaro 4.6.3-1ubuntu5) 4.6.3
Copyright (C) 2011 Free Software Foundation, Inc.
This is free software; see the source for copying conditions.  There is NO
warranty; not even for MERCHANTABILITY or FITNESS FOR A PARTICULAR PURPOSE.

configure:7914: $? = 0
configure:7903: g++ -v >&5
Using built-in specs.
COLLECT_GCC=g++
COLLECT_LTO_WRAPPER=/usr/lib/gcc/x86_64-linux-gnu/4.6/lto-wrapper
Target: x86_64-linux-gnu
Configured with: ../src/configure -v --with-pkgversion='Ubuntu/Linaro 4.6.3-1ubuntu5' --with-bugurl=file:///usr/share/doc/gcc-4.6/README.Bugs --enable-languages=c,c++,fortran,objc,obj-c++ --prefix=/usr --program-suffix=-4.6 --enable-shared --enable-linker-build-id --with-system-zlib --libexecdir=/usr/lib --without-included-gettext --enable-threads=posix --with-gxx-include-dir=/usr/include/c++/4.6 --libdir=/usr/lib --enable-nls --with-sysroot=/ --enable-clocale=gnu --enable-libstdcxx-debug --enable-libstdcxx-time=yes --enable-gnu-unique-object --enable-plugin --enable-objc-gc --disable-werror --with-arch-32=i686 --with-tune=generic --enable-checking=release --build=x86_64-linux-gnu --host=x86_64-linux-gnu --target=x86_64-linux-gnu
Thread model: posix
gcc version 4.6.3 (Ubuntu/Linaro 4.6.3-1ubuntu5) 
configure:7914: $? = 0
configure:7903: g++ -V >&5
g++: error: unrecognized option '-V'
g++: fatal error: no input files
compilation terminated.
configure:7914: $? = 4
configure:7903: g++ -qversion >&5
g++: error: unrecognized option '-qversion'
g++: fatal error: no input files
compilation terminated.
configure:7914: $? = 4
configure:7918: checking whether we are using the GNU C++ compiler
configure:7946: result: yes
configure:7955: checking whether g++ accepts -g
configure:8016: result: yes
configure:8040: checking whether the C++ compiler works
configure:8059: g++ -o conftest -g -O2   conftest.cpp  >&5
configure:8059: $? = 0
configure:8060: result: yes
configure:8084: checking how to run the C preprocessor
configure:8154: result: gcc -E
configure:8174: gcc -E  conftest.c
configure:8174: $? = 0
configure:8188: gcc -E  conftest.c
conftest.c:28:28: fatal error: ac_nonexistent.h: No such file or directory
compilation terminated.
configure:8188: $? = 1
configure: failed program was:
| /* confdefs.h */
| #define PACKAGE_NAME ""
| #define PACKAGE_TARNAME ""
| #define PACKAGE_VERSION ""
| #define PACKAGE_STRING ""
| #define PACKAGE_BUGREPORT ""
| #define PACKAGE_URL ""
| #define OASYS_CONFIG_STATE 1
| #define GOOGLE_PROFILE_ENABLED 0
| #define STDC_HEADERS 1
| #define HAVE_SYS_TYPES_H 1
| #define HAVE_SYS_STAT_H 1
| #define HAVE_STDLIB_H 1
| #define HAVE_STRING_H 1
| #define HAVE_MEMORY_H 1
| #define HAVE_STRINGS_H 1
| #define HAVE_INTTYPES_H 1
| #define HAVE_STDINT_H 1
| #define HAVE_UNISTD_H 1
| #define LIBEXPAT_ENABLED 1
| #define TCLREADLINE_ENABLED 0
| #define OASYS_ZLIB_ENABLED 1
| #define OASYS_ZLIB_HAS_COMPRESS_BOUND 1
| #define LIBDB_ENABLED 1
| #define BERKELEY_DB_VERSION 5.3
| #define HAVE_NETAX25_AX25_H 1
| /* end confdefs.h.  */
| #include <ac_nonexistent.h>
configure:8217: checking for the version of the GNU C compiler
configure:8226: result: 4.6
configure:8229: checking for the version of the GNU C++ compiler
configure:8238: result: 4.6
configure:8324: checking for ar
configure:8340: found /usr/bin/ar
configure:8351: result: ar
configure:8416: checking for ranlib
configure:8432: found /usr/bin/ranlib
configure:8443: result: ranlib
configure:8479: checking whether to compile with debugging
configure:8481: result: yes
configure:8500: checking whether to compile with memory debugging
configure:8502: result: no
configure:8521: checking whether to compile with lock debugging (default yes)
configure:8523: result: yes
configure:8543: checking whether to compile with optimization
configure:8545: result: no
configure:8566: checking whether to compile with profiling
configure:8568: result: no
configure:8585: checking whether to link statically
configure:8587: result: no
configure:8598: checking whether to link using static external libraries
configure:8600: result: no
configure:8612: checking whether to try to build shared libraries
configure:8627: result: yes
configure:8638: checking whether the compiler supports -fPIC
configure:8644: g++ -c -g -O2  conftest.cpp >&5
configure:8644: $? = 0
configure:8650: result: yes
configure:8656: checking whether the compiler can link a dynamic library with -shared
configure:8663: g++ -o conftest -g -O2  -shared  conftest.cpp  >&5
configure:8663: $? = 0
configure:8670: result: yes
configure:8678: checking extension for dynamic libraries
configure:8690: result: so
configure:8693: checking if the compiler supports -Wl,--rpath=.
configure:8700: g++ -o conftest -g -O2  -shared  -Wl,-rpath=/foo conftest.cpp  >&5
configure:8700: $? = 0
configure:8707: result: yes
configure:8802: checking for a BSD-compatible install
configure:8870: result: /usr/bin/install -c
configure:8887: checking for gawk
configure:8917: result: no
configure:8887: checking for mawk
configure:8903: found /usr/bin/mawk
configure:8914: result: mawk
configure:8926: checking whether make sets $(MAKE)
configure:8948: result: yes
configure:9000: checking for ranlib
configure:9027: result: ranlib
configure:9061: checking for library containing pthread_create
configure:9092: g++ -o conftest -g -O2   conftest.cpp  >&5
/tmp/ccX2D1Kr.o: In function `main':
/home/grui/dtn2/dtn-experiment/DTN/oasys/conftest.cpp:40: undefined reference to `pthread_create'
collect2: ld returned 1 exit status
configure:9092: $? = 1
configure: failed program was:
| /* confdefs.h */
| #define PACKAGE_NAME ""
| #define PACKAGE_TARNAME ""
| #define PACKAGE_VERSION ""
| #define PACKAGE_STRING ""
| #define PACKAGE_BUGREPORT ""
| #define PACKAGE_URL ""
| #define OASYS_CONFIG_STATE 1
| #define GOOGLE_PROFILE_ENABLED 0
| #define STDC_HEADERS 1
| #define HAVE_SYS_TYPES_H 1
| #define HAVE_SYS_STAT_H 1
| #define HAVE_STDLIB_H 1
| #define HAVE_STRING_H 1
| #define HAVE_MEMORY_H 1
| #define HAVE_STRINGS_H 1
| #define HAVE_INTTYPES_H 1
| #define HAVE_STDINT_H 1
| #define HAVE_UNISTD_H 1
| #define LIBEXPAT_ENABLED 1
| #define TCLREADLINE_ENABLED 0
| #define OASYS_ZLIB_ENABLED 1
| #define OASYS_ZLIB_HAS_COMPRESS_BOUND 1
| #define LIBDB_ENABLED 1
| #define BERKELEY_DB_VERSION 5.3
| #define HAVE_NETAX25_AX25_H 1
| #define OASYS_DEBUG_LOCKING_ENABLED 1
| /* end confdefs.h.  */
| 
| /* Override any GCC internal prototype to avoid an error.
|    Use char because int might match the return type of a GCC
|    builtin and then its argument prototype would still apply.  */
| #ifdef __cplusplus
| extern "C"
| #endif
| char pthread_create ();
| int
| main ()
| {
| return pthread_create ();
|   ;
|   return 0;
| }
configure:9092: g++ -o conftest -g -O2   conftest.cpp -lpthread   >&5
configure:9092: $? = 0
configure:9109: result: -lpthread
configure:9120: checking for library containing pthread_yield
configure:9151: g++ -o conftest -g -O2   conftest.cpp -lpthread  >&5
configure:9151: $? = 0
configure:9168: result: none required
configure:9181: checking for library containing sched_yield
configure:9212: g++ -o conftest -g -O2   conftest.cpp -lpthread  >&5
configure:9212: $? = 0
configure:9229: result: none required
configure:9242: checking for library containing pthread_setspecific
configure:9273: g++ -o conftest -g -O2   conftest.cpp -lpthread  >&5
configure:9273: $? = 0
configure:9290: result: none required
configure:9303: checking for library containing socket
configure:9334: g++ -o conftest -g -O2   conftest.cpp -lpthread  >&5
configure:9334: $? = 0
configure:9351: result: none required
configure:9362: checking for library containing gethostbyname
configure:9393: g++ -o conftest -g -O2   conftest.cpp -lpthread  >&5
configure:9393: $? = 0
configure:9410: result: none required
configure:9423: checking for library containing gethostbyname_r
configure:9454: g++ -o conftest -g -O2   conftest.cpp -lpthread  >&5
configure:9454: $? = 0
configure:9471: result: none required
configure:9484: checking for library containing xdr_int
configure:9515: g++ -o conftest -g -O2   conftest.cpp -lpthread  >&5
configure:9515: $? = 0
configure:9532: result: none required
configure:9543: checking for library containing xdr_u_int64_t
configure:9574: g++ -o conftest -g -O2   conftest.cpp -lpthread  >&5
/tmp/ccg9orQ6.o: In function `main':
/home/grui/dtn2/dtn-experiment/DTN/oasys/conftest.cpp:45: undefined reference to `xdr_u_int64_t'
collect2: ld returned 1 exit status
configure:9574: $? = 1
configure: failed program was:
| /* confdefs.h */
| #define PACKAGE_NAME ""
| #define PACKAGE_TARNAME ""
| #define PACKAGE_VERSION ""
| #define PACKAGE_STRING ""
| #define PACKAGE_BUGREPORT ""
| #define PACKAGE_URL ""
| #define OASYS_CONFIG_STATE 1
| #define GOOGLE_PROFILE_ENABLED 0
| #define STDC_HEADERS 1
| #define HAVE_SYS_TYPES_H 1
| #define HAVE_SYS_STAT_H 1
| #define HAVE_STDLIB_H 1
| #define HAVE_STRING_H 1
| #define HAVE_MEMORY_H 1
| #define HAVE_STRINGS_H 1
| #define HAVE_INTTYPES_H 1
| #define HAVE_STDINT_H 1
| #define HAVE_UNISTD_H 1
| #define LIBEXPAT_ENABLED 1
| #define TCLREADLINE_ENABLED 0
| #define OASYS_ZLIB_ENABLED 1
| #define OASYS_ZLIB_HAS_COMPRESS_BOUND 1
| #define LIBDB_ENABLED 1
| #define BERKELEY_DB_VERSION 5.3
| #define HAVE_NETAX25_AX25_H 1
| #define OASYS_DEBUG_LOCKING_ENABLED 1
| #define HAVE_PTHREAD_YIELD 1
| #define HAVE_SCHED_YIELD 1
| #define HAVE_PTHREAD_SETSPECIFIC 1
| #define HAVE_GETHOSTBYNAME 1
| #define HAVE_GETHOSTBYNAME_R 1
| /* end confdefs.h.  */
| 
| /* Override any GCC internal prototype to avoid an error.
|    Use char because int might match the return type of a GCC
|    builtin and then its argument prototype would still apply.  */
| #ifdef __cplusplus
| extern "C"
| #endif
| char xdr_u_int64_t ();
| int
| main ()
| {
| return xdr_u_int64_t ();
|   ;
|   return 0;
| }
configure:9574: g++ -o conftest -g -O2   conftest.cpp -lrpc  -lpthread  >&5
/usr/bin/ld: cannot find -lrpc
collect2: ld returned 1 exit status
configure:9574: $? = 1
configure: failed program was:
| /* confdefs.h */
| #define PACKAGE_NAME ""
| #define PACKAGE_TARNAME ""
| #define PACKAGE_VERSION ""
| #define PACKAGE_STRING ""
| #define PACKAGE_BUGREPORT ""
| #define PACKAGE_URL ""
| #define OASYS_CONFIG_STATE 1
| #define GOOGLE_PROFILE_ENABLED 0
| #define STDC_HEADERS 1
| #define HAVE_SYS_TYPES_H 1
| #define HAVE_SYS_STAT_H 1
| #define HAVE_STDLIB_H 1
| #define HAVE_STRING_H 1
| #define HAVE_MEMORY_H 1
| #define HAVE_STRINGS_H 1
| #define HAVE_INTTYPES_H 1
| #define HAVE_STDINT_H 1
| #define HAVE_UNISTD_H 1
| #define LIBEXPAT_ENABLED 1
| #define TCLREADLINE_ENABLED 0
| #define OASYS_ZLIB_ENABLED 1
| #define OASYS_ZLIB_HAS_COMPRESS_BOUND 1
| #define LIBDB_ENABLED 1
| #define BERKELEY_DB_VERSION 5.3
| #define HAVE_NETAX25_AX25_H 1
| #define OASYS_DEBUG_LOCKING_ENABLED 1
| #define HAVE_PTHREAD_YIELD 1
| #define HAVE_SCHED_YIELD 1
| #define HAVE_PTHREAD_SETSPECIFIC 1
| #define HAVE_GETHOSTBYNAME 1
| #define HAVE_GETHOSTBYNAME_R 1
| /* end confdefs.h.  */
| 
| /* Override any GCC internal prototype to avoid an error.
|    Use char because int might match the return type of a GCC
|    builtin and then its argument prototype would still apply.  */
| #ifdef __cplusplus
| extern "C"
| #endif
| char xdr_u_int64_t ();
| int
| main ()
| {
| return xdr_u_int64_t ();
|   ;
|   return 0;
| }
configure:9591: result: no
configure:9604: checking for library containing xdr_u_quad_t
configure:9635: g++ -o conftest -g -O2   conftest.cpp -lpthread  >&5
configure:9635: $? = 0
configure:9652: result: none required
configure:9665: checking for library containing inet_aton
configure:9696: g++ -o conftest -g -O2   conftest.cpp -lpthread  >&5
configure:9696: $? = 0
configure:9713: result: none required
configure:9726: checking for library containing inet_pton
configure:9757: g++ -o conftest -g -O2   conftest.cpp -lpthread  >&5
configure:9757: $? = 0
configure:9774: result: none required
configure:9806: checking for ANSI C header files
configure:9910: result: yes
configure:9921: checking err.h usability
configure:9921: g++ -c -g -O2  conftest.cpp >&5
configure:9921: $? = 0
configure:9921: result: yes
configure:9921: checking err.h presence
configure:9921: g++ -E  conftest.cpp
configure:9921: $? = 0
configure:9921: result: yes
configure:9921: checking for err.h
configure:9921: result: yes
configure:9921: checking execinfo.h usability
configure:9921: g++ -c -g -O2  conftest.cpp >&5
configure:9921: $? = 0
configure:9921: result: yes
configure:9921: checking execinfo.h presence
configure:9921: g++ -E  conftest.cpp
configure:9921: $? = 0
configure:9921: result: yes
configure:9921: checking for execinfo.h
configure:9921: result: yes
configure:9921: checking for stdint.h
configure:9921: result: yes
configure:9921: checking for string.h
configure:9921: result: yes
configure:9921: checking synch.h usability
configure:9921: g++ -c -g -O2  conftest.cpp >&5
conftest.cpp:75:19: fatal error: synch.h: No such file or directory
compilation terminated.
configure:9921: $? = 1
configure: failed program was:
| /* confdefs.h */
| #define PACKAGE_NAME ""
| #define PACKAGE_TARNAME ""
| #define PACKAGE_VERSION ""
| #define PACKAGE_STRING ""
| #define PACKAGE_BUGREPORT ""
| #define PACKAGE_URL ""
| #define OASYS_CONFIG_STATE 1
| #define GOOGLE_PROFILE_ENABLED 0
| #define STDC_HEADERS 1
| #define HAVE_SYS_TYPES_H 1
| #define HAVE_SYS_STAT_H 1
| #define HAVE_STDLIB_H 1
| #define HAVE_STRING_H 1
| #define HAVE_MEMORY_H 1
| #define HAVE_STRINGS_H 1
| #define HAVE_INTTYPES_H 1
| #define HAVE_STDINT_H 1
| #define HAVE_UNISTD_H 1
| #define LIBEXPAT_ENABLED 1
| #define TCLREADLINE_ENABLED 0
| #define OASYS_ZLIB_ENABLED 1
| #define OASYS_ZLIB_HAS_COMPRESS_BOUND 1
| #define LIBDB_ENABLED 1
| #define BERKELEY_DB_VERSION 5.3
| #define HAVE_NETAX25_AX25_H 1
| #define OASYS_DEBUG_LOCKING_ENABLED 1
| #define HAVE_PTHREAD_YIELD 1
| #define HAVE_SCHED_YIELD 1
| #define HAVE_PTHREAD_SETSPECIFIC 1
| #define HAVE_GETHOSTBYNAME 1
| #define HAVE_GETHOSTBYNAME_R 1
| #define HAVE_XDR_U_QUAD_T 1
| #define HAVE_INET_ATON 1
| #define HAVE_INET_PTON 1
| #define STDC_HEADERS 1
| #define HAVE_ERR_H 1
| #define HAVE_EXECINFO_H 1
| #define HAVE_STDINT_H 1
| #define HAVE_STRING_H 1
| /* end confdefs.h.  */
| #include <stdio.h>
| #ifdef HAVE_SYS_TYPES_H
| # include <sys/types.h>
| #endif
| #ifdef HAVE_SYS_STAT_H
| # include <sys/stat.h>
| #endif
| #ifdef STDC_HEADERS
| # include <stdlib.h>
| # include <stddef.h>
| #else
| # ifdef HAVE_STDLIB_H
| #  include <stdlib.h>
| # endif
| #endif
| #ifdef HAVE_STRING_H
| # if !defined STDC_HEADERS && defined HAVE_MEMORY_H
| #  include <memory.h>
| # endif
| # include <string.h>
| #endif
| #ifdef HAVE_STRINGS_H
| # include <strings.h>
| #endif
| #ifdef HAVE_INTTYPES_H
| # include <inttypes.h>
| #endif
| #ifdef HAVE_STDINT_H
| # include <stdint.h>
| #endif
| #ifdef HAVE_UNISTD_H
| # include <unistd.h>
| #endif
| #include <synch.h>
configure:9921: result: no
configure:9921: checking synch.h presence
configure:9921: g++ -E  conftest.cpp
conftest.cpp:42:19: fatal error: synch.h: No such file or directory
compilation terminated.
configure:9921: $? = 1
configure: failed program was:
| /* confdefs.h */
| #define PACKAGE_NAME ""
| #define PACKAGE_TARNAME ""
| #define PACKAGE_VERSION ""
| #define PACKAGE_STRING ""
| #define PACKAGE_BUGREPORT ""
| #define PACKAGE_URL ""
| #define OASYS_CONFIG_STATE 1
| #define GOOGLE_PROFILE_ENABLED 0
| #define STDC_HEADERS 1
| #define HAVE_SYS_TYPES_H 1
| #define HAVE_SYS_STAT_H 1
| #define HAVE_STDLIB_H 1
| #define HAVE_STRING_H 1
| #define HAVE_MEMORY_H 1
| #define HAVE_STRINGS_H 1
| #define HAVE_INTTYPES_H 1
| #define HAVE_STDINT_H 1
| #define HAVE_UNISTD_H 1
| #define LIBEXPAT_ENABLED 1
| #define TCLREADLINE_ENABLED 0
| #define OASYS_ZLIB_ENABLED 1
| #define OASYS_ZLIB_HAS_COMPRESS_BOUND 1
| #define LIBDB_ENABLED 1
| #define BERKELEY_DB_VERSION 5.3
| #define HAVE_NETAX25_AX25_H 1
| #define OASYS_DEBUG_LOCKING_ENABLED 1
| #define HAVE_PTHREAD_YIELD 1
| #define HAVE_SCHED_YIELD 1
| #define HAVE_PTHREAD_SETSPECIFIC 1
| #define HAVE_GETHOSTBYNAME 1
| #define HAVE_GETHOSTBYNAME_R 1
| #define HAVE_XDR_U_QUAD_T 1
| #define HAVE_INET_ATON 1
| #define HAVE_INET_PTON 1
| #define STDC_HEADERS 1
| #define HAVE_ERR_H 1
| #define HAVE_EXECINFO_H 1
| #define HAVE_STDINT_H 1
| #define HAVE_STRING_H 1
| /* end confdefs.h.  */
| #include <synch.h>
configure:9921: result: no
configure:9921: checking for synch.h
configure:9921: result: no
configure:9921: checking sys/cdefs.h usability
configure:9921: g++ -c -g -O2  conftest.cpp >&5
configure:9921: $? = 0
configure:9921: result: yes
configure:9921: checking sys/cdefs.h presence
configure:9921: g++ -E  conftest.cpp
configure:9921: $? = 0
configure:9921: result: yes
configure:9921: checking for sys/cdefs.h
configure:9921: result: yes
configure:9921: checking for sys/types.h
configure:9921: result: yes
configure:9933: checking for an ANSI C-conforming const
configure:9999: g++ -c -g -O2  conftest.cpp >&5
configure:9999: $? = 0
configure:10006: result: yes
configure:10014: checking for inline
configure:10030: g++ -c -g -O2  conftest.cpp >&5
configure:10030: $? = 0
configure:10038: result: inline
configure:10056: checking for working volatile
configure:10075: g++ -c -g -O2  conftest.cpp >&5
configure:10075: $? = 0
configure:10082: result: yes
configure:10090: checking for mode_t
configure:10090: g++ -c -g -O2  conftest.cpp >&5
configure:10090: $? = 0
configure:10090: g++ -c -g -O2  conftest.cpp >&5
conftest.cpp: In function 'int main()':
conftest.cpp:80:20: error: expected primary-expression before ')' token
configure:10090: $? = 1
configure: failed program was:
| /* confdefs.h */
| #define PACKAGE_NAME ""
| #define PACKAGE_TARNAME ""
| #define PACKAGE_VERSION ""
| #define PACKAGE_STRING ""
| #define PACKAGE_BUGREPORT ""
| #define PACKAGE_URL ""
| #define OASYS_CONFIG_STATE 1
| #define GOOGLE_PROFILE_ENABLED 0
| #define STDC_HEADERS 1
| #define HAVE_SYS_TYPES_H 1
| #define HAVE_SYS_STAT_H 1
| #define HAVE_STDLIB_H 1
| #define HAVE_STRING_H 1
| #define HAVE_MEMORY_H 1
| #define HAVE_STRINGS_H 1
| #define HAVE_INTTYPES_H 1
| #define HAVE_STDINT_H 1
| #define HAVE_UNISTD_H 1
| #define LIBEXPAT_ENABLED 1
| #define TCLREADLINE_ENABLED 0
| #define OASYS_ZLIB_ENABLED 1
| #define OASYS_ZLIB_HAS_COMPRESS_BOUND 1
| #define LIBDB_ENABLED 1
| #define BERKELEY_DB_VERSION 5.3
| #define HAVE_NETAX25_AX25_H 1
| #define OASYS_DEBUG_LOCKING_ENABLED 1
| #define HAVE_PTHREAD_YIELD 1
| #define HAVE_SCHED_YIELD 1
| #define HAVE_PTHREAD_SETSPECIFIC 1
| #define HAVE_GETHOSTBYNAME 1
| #define HAVE_GETHOSTBYNAME_R 1
| #define HAVE_XDR_U_QUAD_T 1
| #define HAVE_INET_ATON 1
| #define HAVE_INET_PTON 1
| #define STDC_HEADERS 1
| #define HAVE_ERR_H 1
| #define HAVE_EXECINFO_H 1
| #define HAVE_STDINT_H 1
| #define HAVE_STRING_H 1
| #define HAVE_SYS_CDEFS_H 1
| #define HAVE_SYS_TYPES_H 1
| /* end confdefs.h.  */
| #include <stdio.h>
| #ifdef HAVE_SYS_TYPES_H
| # include <sys/types.h>
| #endif
| #ifdef HAVE_SYS_STAT_H
| # include <sys/stat.h>
| #endif
| #ifdef STDC_HEADERS
| # include <stdlib.h>
| # include <stddef.h>
| #else
| # ifdef HAVE_STDLIB_H
| #  include <stdlib.h>
| # endif
| #endif
| #ifdef HAVE_STRING_H
| # if !defined STDC_HEADERS && defined HAVE_MEMORY_H
| #  include <memory.h>
| # endif
| # include <string.h>
| #endif
| #ifdef HAVE_STRINGS_H
| # include <strings.h>
| #endif
| #ifdef HAVE_INTTYPES_H
| # include <inttypes.h>
| #endif
| #ifdef HAVE_STDINT_H
| # include <stdint.h>
| #endif
| #ifdef HAVE_UNISTD_H
| # include <unistd.h>
| #endif
| int
| main ()
| {
| if (sizeof ((mode_t)))
| 	    return 0;
|   ;
|   return 0;
| }
configure:10090: result: yes
configure:10101: checking value for _FILE_OFFSET_BITS preprocessor symbol
configure:10110: result: 64
configure:10124: checking size of off_t
configure:10129: g++ -o conftest -g -O2 -D_LARGEFILE_SOURCE -D_FILE_OFFSET_BITS=64   conftest.cpp  >&5
configure:10129: $? = 0
configure:10129: ./conftest
configure:10129: $? = 0
configure:10143: result: 8
configure:10154: checking return type of signal handlers
configure:10172: g++ -c -g -O2  conftest.cpp >&5
conftest.cpp: In function 'int main()':
conftest.cpp:51:27: error: void value not ignored as it ought to be
configure:10172: $? = 1
configure: failed program was:
| /* confdefs.h */
| #define PACKAGE_NAME ""
| #define PACKAGE_TARNAME ""
| #define PACKAGE_VERSION ""
| #define PACKAGE_STRING ""
| #define PACKAGE_BUGREPORT ""
| #define PACKAGE_URL ""
| #define OASYS_CONFIG_STATE 1
| #define GOOGLE_PROFILE_ENABLED 0
| #define STDC_HEADERS 1
| #define HAVE_SYS_TYPES_H 1
| #define HAVE_SYS_STAT_H 1
| #define HAVE_STDLIB_H 1
| #define HAVE_STRING_H 1
| #define HAVE_MEMORY_H 1
| #define HAVE_STRINGS_H 1
| #define HAVE_INTTYPES_H 1
| #define HAVE_STDINT_H 1
| #define HAVE_UNISTD_H 1
| #define LIBEXPAT_ENABLED 1
| #define TCLREADLINE_ENABLED 0
| #define OASYS_ZLIB_ENABLED 1
| #define OASYS_ZLIB_HAS_COMPRESS_BOUND 1
| #define LIBDB_ENABLED 1
| #define BERKELEY_DB_VERSION 5.3
| #define HAVE_NETAX25_AX25_H 1
| #define OASYS_DEBUG_LOCKING_ENABLED 1
| #define HAVE_PTHREAD_YIELD 1
| #define HAVE_SCHED_YIELD 1
| #define HAVE_PTHREAD_SETSPECIFIC 1
| #define HAVE_GETHOSTBYNAME 1
| #define HAVE_GETHOSTBYNAME_R 1
| #define HAVE_XDR_U_QUAD_T 1
| #define HAVE_INET_ATON 1
| #define HAVE_INET_PTON 1
| #define STDC_HEADERS 1
| #define HAVE_ERR_H 1
| #define HAVE_EXECINFO_H 1
| #define HAVE_STDINT_H 1
| #define HAVE_STRING_H 1
| #define HAVE_SYS_CDEFS_H 1
| #define HAVE_SYS_TYPES_H 1
| #define SIZEOF_OFF_T 8
| /* end confdefs.h.  */
| #include <sys/types.h>
| #include <signal.h>
| 
| int
| main ()
| {
| return *(signal (0, 0)) (0) == 1;
|   ;
|   return 0;
| }
configure:10179: result: void
configure:10187: checking for size_t
configure:10187: g++ -c -g -O2  conftest.cpp >&5
configure:10187: $? = 0
configure:10187: g++ -c -g -O2  conftest.cpp >&5
conftest.cpp: In function 'int main()':
conftest.cpp:82:20: error: expected primary-expression before ')' token
configure:10187: $? = 1
configure: failed program was:
| /* confdefs.h */
| #define PACKAGE_NAME ""
| #define PACKAGE_TARNAME ""
| #define PACKAGE_VERSION ""
| #define PACKAGE_STRING ""
| #define PACKAGE_BUGREPORT ""
| #define PACKAGE_URL ""
| #define OASYS_CONFIG_STATE 1
| #define GOOGLE_PROFILE_ENABLED 0
| #define STDC_HEADERS 1
| #define HAVE_SYS_TYPES_H 1
| #define HAVE_SYS_STAT_H 1
| #define HAVE_STDLIB_H 1
| #define HAVE_STRING_H 1
| #define HAVE_MEMORY_H 1
| #define HAVE_STRINGS_H 1
| #define HAVE_INTTYPES_H 1
| #define HAVE_STDINT_H 1
| #define HAVE_UNISTD_H 1
| #define LIBEXPAT_ENABLED 1
| #define TCLREADLINE_ENABLED 0
| #define OASYS_ZLIB_ENABLED 1
| #define OASYS_ZLIB_HAS_COMPRESS_BOUND 1
| #define LIBDB_ENABLED 1
| #define BERKELEY_DB_VERSION 5.3
| #define HAVE_NETAX25_AX25_H 1
| #define OASYS_DEBUG_LOCKING_ENABLED 1
| #define HAVE_PTHREAD_YIELD 1
| #define HAVE_SCHED_YIELD 1
| #define HAVE_PTHREAD_SETSPECIFIC 1
| #define HAVE_GETHOSTBYNAME 1
| #define HAVE_GETHOSTBYNAME_R 1
| #define HAVE_XDR_U_QUAD_T 1
| #define HAVE_INET_ATON 1
| #define HAVE_INET_PTON 1
| #define STDC_HEADERS 1
| #define HAVE_ERR_H 1
| #define HAVE_EXECINFO_H 1
| #define HAVE_STDINT_H 1
| #define HAVE_STRING_H 1
| #define HAVE_SYS_CDEFS_H 1
| #define HAVE_SYS_TYPES_H 1
| #define SIZEOF_OFF_T 8
| #define RETSIGTYPE void
| /* end confdefs.h.  */
| #include <stdio.h>
| #ifdef HAVE_SYS_TYPES_H
| # include <sys/types.h>
| #endif
| #ifdef HAVE_SYS_STAT_H
| # include <sys/stat.h>
| #endif
| #ifdef STDC_HEADERS
| # include <stdlib.h>
| # include <stddef.h>
| #else
| # ifdef HAVE_STDLIB_H
| #  include <stdlib.h>
| # endif
| #endif
| #ifdef HAVE_STRING_H
| # if !defined STDC_HEADERS && defined HAVE_MEMORY_H
| #  include <memory.h>
| # endif
| # include <string.h>
| #endif
| #ifdef HAVE_STRINGS_H
| # include <strings.h>
| #endif
| #ifdef HAVE_INTTYPES_H
| # include <inttypes.h>
| #endif
| #ifdef HAVE_STDINT_H
| # include <stdint.h>
| #endif
| #ifdef HAVE_UNISTD_H
| # include <unistd.h>
| #endif
| int
| main ()
| {
| if (sizeof ((size_t)))
| 	    return 0;
|   ;
|   return 0;
| }
configure:10187: result: yes
configure:10198: checking for ptrdiff_t
configure:10198: g++ -c -g -O2  conftest.cpp >&5
configure:10198: $? = 0
configure:10198: g++ -c -g -O2  conftest.cpp >&5
conftest.cpp: In function 'int main()':
conftest.cpp:82:23: error: expected primary-expression before ')' token
configure:10198: $? = 1
configure: failed program was:
| /* confdefs.h */
| #define PACKAGE_NAME ""
| #define PACKAGE_TARNAME ""
| #define PACKAGE_VERSION ""
| #define PACKAGE_STRING ""
| #define PACKAGE_BUGREPORT ""
| #define PACKAGE_URL ""
| #define OASYS_CONFIG_STATE 1
| #define GOOGLE_PROFILE_ENABLED 0
| #define STDC_HEADERS 1
| #define HAVE_SYS_TYPES_H 1
| #define HAVE_SYS_STAT_H 1
| #define HAVE_STDLIB_H 1
| #define HAVE_STRING_H 1
| #define HAVE_MEMORY_H 1
| #define HAVE_STRINGS_H 1
| #define HAVE_INTTYPES_H 1
| #define HAVE_STDINT_H 1
| #define HAVE_UNISTD_H 1
| #define LIBEXPAT_ENABLED 1
| #define TCLREADLINE_ENABLED 0
| #define OASYS_ZLIB_ENABLED 1
| #define OASYS_ZLIB_HAS_COMPRESS_BOUND 1
| #define LIBDB_ENABLED 1
| #define BERKELEY_DB_VERSION 5.3
| #define HAVE_NETAX25_AX25_H 1
| #define OASYS_DEBUG_LOCKING_ENABLED 1
| #define HAVE_PTHREAD_YIELD 1
| #define HAVE_SCHED_YIELD 1
| #define HAVE_PTHREAD_SETSPECIFIC 1
| #define HAVE_GETHOSTBYNAME 1
| #define HAVE_GETHOSTBYNAME_R 1
| #define HAVE_XDR_U_QUAD_T 1
| #define HAVE_INET_ATON 1
| #define HAVE_INET_PTON 1
| #define STDC_HEADERS 1
| #define HAVE_ERR_H 1
| #define HAVE_EXECINFO_H 1
| #define HAVE_STDINT_H 1
| #define HAVE_STRING_H 1
| #define HAVE_SYS_CDEFS_H 1
| #define HAVE_SYS_TYPES_H 1
| #define SIZEOF_OFF_T 8
| #define RETSIGTYPE void
| /* end confdefs.h.  */
| #include <stdio.h>
| #ifdef HAVE_SYS_TYPES_H
| # include <sys/types.h>
| #endif
| #ifdef HAVE_SYS_STAT_H
| # include <sys/stat.h>
| #endif
| #ifdef STDC_HEADERS
| # include <stdlib.h>
| # include <stddef.h>
| #else
| # ifdef HAVE_STDLIB_H
| #  include <stdlib.h>
| # endif
| #endif
| #ifdef HAVE_STRING_H
| # if !defined STDC_HEADERS && defined HAVE_MEMORY_H
| #  include <memory.h>
| # endif
| # include <string.h>
| #endif
| #ifdef HAVE_STRINGS_H
| # include <strings.h>
| #endif
| #ifdef HAVE_INTTYPES_H
| # include <inttypes.h>
| #endif
| #ifdef HAVE_STDINT_H
| # include <stdint.h>
| #endif
| #ifdef HAVE_UNISTD_H
| # include <unistd.h>
| #endif
| int
| main ()
| {
| if (sizeof ((ptrdiff_t)))
| 	    return 0;
|   ;
|   return 0;
| }
configure:10198: result: yes
configure:10208: checking for uint32_t
configure:10208: g++ -c -g -O2  conftest.cpp >&5
configure:10208: $? = 0
configure:10208: g++ -c -g -O2  conftest.cpp >&5
conftest.cpp: In function 'int main()':
conftest.cpp:83:22: error: expected primary-expression before ')' token
configure:10208: $? = 1
configure: failed program was:
| /* confdefs.h */
| #define PACKAGE_NAME ""
| #define PACKAGE_TARNAME ""
| #define PACKAGE_VERSION ""
| #define PACKAGE_STRING ""
| #define PACKAGE_BUGREPORT ""
| #define PACKAGE_URL ""
| #define OASYS_CONFIG_STATE 1
| #define GOOGLE_PROFILE_ENABLED 0
| #define STDC_HEADERS 1
| #define HAVE_SYS_TYPES_H 1
| #define HAVE_SYS_STAT_H 1
| #define HAVE_STDLIB_H 1
| #define HAVE_STRING_H 1
| #define HAVE_MEMORY_H 1
| #define HAVE_STRINGS_H 1
| #define HAVE_INTTYPES_H 1
| #define HAVE_STDINT_H 1
| #define HAVE_UNISTD_H 1
| #define LIBEXPAT_ENABLED 1
| #define TCLREADLINE_ENABLED 0
| #define OASYS_ZLIB_ENABLED 1
| #define OASYS_ZLIB_HAS_COMPRESS_BOUND 1
| #define LIBDB_ENABLED 1
| #define BERKELEY_DB_VERSION 5.3
| #define HAVE_NETAX25_AX25_H 1
| #define OASYS_DEBUG_LOCKING_ENABLED 1
| #define HAVE_PTHREAD_YIELD 1
| #define HAVE_SCHED_YIELD 1
| #define HAVE_PTHREAD_SETSPECIFIC 1
| #define HAVE_GETHOSTBYNAME 1
| #define HAVE_GETHOSTBYNAME_R 1
| #define HAVE_XDR_U_QUAD_T 1
| #define HAVE_INET_ATON 1
| #define HAVE_INET_PTON 1
| #define STDC_HEADERS 1
| #define HAVE_ERR_H 1
| #define HAVE_EXECINFO_H 1
| #define HAVE_STDINT_H 1
| #define HAVE_STRING_H 1
| #define HAVE_SYS_CDEFS_H 1
| #define HAVE_SYS_TYPES_H 1
| #define SIZEOF_OFF_T 8
| #define RETSIGTYPE void
| #define HAVE_PTRDIFF_T 1
| /* end confdefs.h.  */
| #include <stdio.h>
| #ifdef HAVE_SYS_TYPES_H
| # include <sys/types.h>
| #endif
| #ifdef HAVE_SYS_STAT_H
| # include <sys/stat.h>
| #endif
| #ifdef STDC_HEADERS
| # include <stdlib.h>
| # include <stddef.h>
| #else
| # ifdef HAVE_STDLIB_H
| #  include <stdlib.h>
| # endif
| #endif
| #ifdef HAVE_STRING_H
| # if !defined STDC_HEADERS && defined HAVE_MEMORY_H
| #  include <memory.h>
| # endif
| # include <string.h>
| #endif
| #ifdef HAVE_STRINGS_H
| # include <strings.h>
| #endif
| #ifdef HAVE_INTTYPES_H
| # include <inttypes.h>
| #endif
| #ifdef HAVE_STDINT_H
| # include <stdint.h>
| #endif
| #ifdef HAVE_UNISTD_H
| # include <unistd.h>
| #endif
| int
| main ()
| {
| if (sizeof ((uint32_t)))
| 	    return 0;
|   ;
|   return 0;
| }
configure:10208: result: yes
configure:10218: checking for u_int32_t
configure:10218: g++ -c -g -O2  conftest.cpp >&5
configure:10218: $? = 0
configure:10218: g++ -c -g -O2  conftest.cpp >&5
conftest.cpp: In function 'int main()':
conftest.cpp:84:23: error: expected primary-expression before ')' token
configure:10218: $? = 1
configure: failed program was:
| /* confdefs.h */
| #define PACKAGE_NAME ""
| #define PACKAGE_TARNAME ""
| #define PACKAGE_VERSION ""
| #define PACKAGE_STRING ""
| #define PACKAGE_BUGREPORT ""
| #define PACKAGE_URL ""
| #define OASYS_CONFIG_STATE 1
| #define GOOGLE_PROFILE_ENABLED 0
| #define STDC_HEADERS 1
| #define HAVE_SYS_TYPES_H 1
| #define HAVE_SYS_STAT_H 1
| #define HAVE_STDLIB_H 1
| #define HAVE_STRING_H 1
| #define HAVE_MEMORY_H 1
| #define HAVE_STRINGS_H 1
| #define HAVE_INTTYPES_H 1
| #define HAVE_STDINT_H 1
| #define HAVE_UNISTD_H 1
| #define LIBEXPAT_ENABLED 1
| #define TCLREADLINE_ENABLED 0
| #define OASYS_ZLIB_ENABLED 1
| #define OASYS_ZLIB_HAS_COMPRESS_BOUND 1
| #define LIBDB_ENABLED 1
| #define BERKELEY_DB_VERSION 5.3
| #define HAVE_NETAX25_AX25_H 1
| #define OASYS_DEBUG_LOCKING_ENABLED 1
| #define HAVE_PTHREAD_YIELD 1
| #define HAVE_SCHED_YIELD 1
| #define HAVE_PTHREAD_SETSPECIFIC 1
| #define HAVE_GETHOSTBYNAME 1
| #define HAVE_GETHOSTBYNAME_R 1
| #define HAVE_XDR_U_QUAD_T 1
| #define HAVE_INET_ATON 1
| #define HAVE_INET_PTON 1
| #define STDC_HEADERS 1
| #define HAVE_ERR_H 1
| #define HAVE_EXECINFO_H 1
| #define HAVE_STDINT_H 1
| #define HAVE_STRING_H 1
| #define HAVE_SYS_CDEFS_H 1
| #define HAVE_SYS_TYPES_H 1
| #define SIZEOF_OFF_T 8
| #define RETSIGTYPE void
| #define HAVE_PTRDIFF_T 1
| #define HAVE_UINT32_T 1
| /* end confdefs.h.  */
| #include <stdio.h>
| #ifdef HAVE_SYS_TYPES_H
| # include <sys/types.h>
| #endif
| #ifdef HAVE_SYS_STAT_H
| # include <sys/stat.h>
| #endif
| #ifdef STDC_HEADERS
| # include <stdlib.h>
| # include <stddef.h>
| #else
| # ifdef HAVE_STDLIB_H
| #  include <stdlib.h>
| # endif
| #endif
| #ifdef HAVE_STRING_H
| # if !defined STDC_HEADERS && defined HAVE_MEMORY_H
| #  include <memory.h>
| # endif
| # include <string.h>
| #endif
| #ifdef HAVE_STRINGS_H
| # include <strings.h>
| #endif
| #ifdef HAVE_INTTYPES_H
| # include <inttypes.h>
| #endif
| #ifdef HAVE_STDINT_H
| # include <stdint.h>
| #endif
| #ifdef HAVE_UNISTD_H
| # include <unistd.h>
| #endif
| int
| main ()
| {
| if (sizeof ((u_int32_t)))
| 	    return 0;
|   ;
|   return 0;
| }
configure:10218: result: yes
configure:10234: checking for getaddrinfo
configure:10234: g++ -o conftest -g -O2   conftest.cpp  >&5
configure:10234: $? = 0
configure:10234: result: yes
configure:10234: checking for getopt_long
configure:10234: g++ -o conftest -g -O2   conftest.cpp  >&5
configure:10234: $? = 0
configure:10234: result: yes
configure:10234: checking for cfmakeraw
configure:10234: g++ -o conftest -g -O2   conftest.cpp  >&5
configure:10234: $? = 0
configure:10234: result: yes
configure:10234: checking for cfsetspeed
configure:10234: g++ -o conftest -g -O2   conftest.cpp  >&5
configure:10234: $? = 0
configure:10234: result: yes
configure:10254: checking whether to compile with non-atomic "atomic" routines
configure:10256: result: no
configure:10282: checking whether to compile with assembly-based atomic functions
configure:10284: result: yes
configure:10497: creating ./config.status

## ---------------------- ##
## Running config.status. ##
## ---------------------- ##

This file was extended by config.status, which was
generated by GNU Autoconf 2.69.  Invocation command line was

  CONFIG_FILES    = 
  CONFIG_HEADERS  = 
  CONFIG_LINKS    = 
  CONFIG_COMMANDS = 
  $ ./config.status 

on dtn1

config.status:882: creating Rules.make
config.status:882: creating System.make
config.status:882: creating oasys-config.h
config.status:1057: oasys-config.h is unchanged

## ---------------- ##
## Cache variables. ##
## ---------------- ##

ac_cv_c_compiler_gnu=yes
ac_cv_c_const=yes
ac_cv_c_inline=inline
ac_cv_c_volatile=yes
ac_cv_cxx_compiler_gnu=yes
ac_cv_env_CCC_set=
ac_cv_env_CCC_value=
ac_cv_env_CC_set=
ac_cv_env_CC_value=
ac_cv_env_CFLAGS_set=
ac_cv_env_CFLAGS_value=
ac_cv_env_CPPFLAGS_set=
ac_cv_env_CPPFLAGS_value=
ac_cv_env_CPP_set=
ac_cv_env_CPP_value=
ac_cv_env_CXXCPP_set=
ac_cv_env_CXXCPP_value=
ac_cv_env_CXXFLAGS_set=
ac_cv_env_CXXFLAGS_value=
ac_cv_env_CXX_set=
ac_cv_env_CXX_value=
ac_cv_env_LDFLAGS_set=
ac_cv_env_LDFLAGS_value=
ac_cv_env_LIBS_set=
ac_cv_env_LIBS_value=
ac_cv_env_PYTHON_set=
ac_cv_env_PYTHON_value=
ac_cv_env_build_alias_set=
ac_cv_env_build_alias_value=
ac_cv_env_host_alias_set=
ac_cv_env_host_alias_value=
ac_cv_env_target_alias_set=
ac_cv_env_target_alias_value=
ac_cv_func_cfmakeraw=yes
ac_cv_func_cfsetspeed=yes
ac_cv_func_getaddrinfo=yes
ac_cv_func_getopt_long=yes
ac_cv_header_bluetooth_bluetooth_h=no
ac_cv_header_err_h=yes
ac_cv_header_execinfo_h=yes
ac_cv_header_inttypes_h=yes
ac_cv_header_memory_h=yes
ac_cv_header_netax25_ax25_h=yes
ac_cv_header_netax25_axconfig_h=no
ac_cv_header_netax25_axlib_h=no
ac_cv_header_readline_readline_h=no
ac_cv_header_stdc=yes
ac_cv_header_stdint_h=yes
ac_cv_header_stdlib_h=yes
ac_cv_header_string_h=yes
ac_cv_header_strings_h=yes
ac_cv_header_synch_h=no
ac_cv_header_sys_cdefs_h=yes
ac_cv_header_sys_stat_h=yes
ac_cv_header_sys_types_h=yes
ac_cv_header_unistd_h=yes
ac_cv_objext=o
ac_cv_path_EGREP='/bin/grep -E'
ac_cv_path_GREP=/bin/grep
ac_cv_path_PYTHON=/usr/bin/python
ac_cv_path_install='/usr/bin/install -c'
ac_cv_prog_AWK=mawk
ac_cv_prog_CPP='gcc -E'
ac_cv_prog_CXXCPP='g++ -E'
ac_cv_prog_ac_ct_AR=ar
ac_cv_prog_ac_ct_CC=gcc
ac_cv_prog_ac_ct_CXX=g++
ac_cv_prog_ac_ct_RANLIB=ranlib
ac_cv_prog_cc_c89=
ac_cv_prog_cc_g=yes
ac_cv_prog_cxx_g=yes
ac_cv_prog_make_make_set=yes
ac_cv_search_Tcl_GetErrorLine=no
ac_cv_search_ax25_config_load_ports=no
ac_cv_search_baswap=no
ac_cv_search_compress=-lz
ac_cv_search_compressBound='none required'
ac_cv_search_dlopen=-ldl
ac_cv_search_gethostbyname='none required'
ac_cv_search_gethostbyname_r='none required'
ac_cv_search_inet_aton='none required'
ac_cv_search_inet_pton='none required'
ac_cv_search_pow=-lm
ac_cv_search_pthread_create=-lpthread
ac_cv_search_pthread_setspecific='none required'
ac_cv_search_pthread_yield='none required'
ac_cv_search_readline=no
ac_cv_search_sched_yield='none required'
ac_cv_search_socket='none required'
ac_cv_search_xdr_int='none required'
ac_cv_search_xdr_u_int64_t=no
ac_cv_search_xdr_u_quad_t='none required'
ac_cv_sizeof_off_t=8
ac_cv_type_mode_t=yes
ac_cv_type_ptrdiff_t=yes
ac_cv_type_signal=void
ac_cv_type_size_t=yes
ac_cv_type_u_int32_t=yes
ac_cv_type_uint32_t=yes
oasys_cv_db_incpath=/opt/db/include
oasys_cv_db_lib=db-5.3
oasys_cv_db_libpath=/opt/db/lib
oasys_cv_lib_expat=expat
oasys_cv_lib_odbc=
oasys_cv_lib_tcl=tcl8.5
oasys_cv_path_expat_h=/usr/include
oasys_cv_path_expat_lib=/usr/lib
oasys_cv_path_odbc_h=
oasys_cv_path_odbc_lib=
oasys_cv_path_tcl_h=/opt/tcl/include
oasys_cv_path_tcl_lib=/opt/tcl/lib
oasys_cv_path_xerces_c=
oasys_cv_prog_gccver=4.6
oasys_cv_prog_gxxver=4.6

## ----------------- ##
## Output variables. ##
## ----------------- ##

AR='ar'
AWK='mawk'
BUILDDIR='/home/grui/dtn2/dtn-experiment/DTN/oasys'
BUILD_SYSTEM='Linux'
CC='gcc'
CFLAGS='-g -O2'
CPP='gcc -E'
CPPFLAGS=''
CXX='g++'
CXXCPP='g++ -E'
CXXFLAGS='-g -O2'
DEBUG='-g -fno-inline'
DEFS='-DHAVE_CONFIG_H'
DEPFLAGS='-MMD -MP -MT "$*.o $*.E"'
ECHO_C=''
ECHO_N='-n'
ECHO_T=''
EGREP='/bin/grep -E'
EXEEXT=''
EXTLIB_CFLAGS=''
EXTLIB_LDFLAGS=''
EXTRA_CFLAGS=''
EXTRA_CXXFLAGS=''
EXTRA_LDFLAGS=''
GREP='/bin/grep'
INCFLAGS='-I$(SRCDIR)/ext'
INSTALL_DATA='${INSTALL} -m 644'
INSTALL_PROGRAM='${INSTALL}'
INSTALL_SCRIPT='${INSTALL}'
LDFLAGS=''
LDFLAGS_SHLIB='-shared -fPIC -DPIC'
LIBOBJS=''
LIBS=''
LTLIBOBJS=''
OASYS_COMPAT_LDFLAGS='-L/home/grui/dtn2/dtn-experiment/DTN/oasys/lib -loasyscompat-1.6.0'
OASYS_ETCDIR='/home/grui/dtn2/dtn-experiment/DTN/oasys'
OASYS_INCDIR='/home/grui/dtn2/dtn-experiment/DTN/oasys'
OASYS_LDFLAGS='-L/home/grui/dtn2/dtn-experiment/DTN/oasys/lib -loasys-1.6.0'
OASYS_LDFLAGS_STATIC='/home/grui/dtn2/dtn-experiment/DTN/oasys/lib/liboasys-1.6.0.a'
OASYS_LIBDIR='/home/grui/dtn2/dtn-experiment/DTN/oasys/lib'
OASYS_VERSION='1.6.0'
OBJEXT='o'
OPTIMIZE=''
OPTIMIZE_WARN=''
PACKAGE_BUGREPORT=''
PACKAGE_NAME=''
PACKAGE_STRING=''
PACKAGE_TARNAME=''
PACKAGE_URL=''
PACKAGE_VERSION=''
PATH_SEPARATOR=':'
PICFLAGS='-fPIC -DPIC'
PROFILE=''
PYTHON='/usr/bin/python'
PYTHON_BUILD_EXT='yes'
RANLIB='ranlib'
RPATH='-Wl,-rpath=. -Wl,-rpath=$(prefix)/lib'
SET_MAKE=''
SHELL='/bin/bash'
SHLIBS='yes'
SHLIB_EXT='so'
SRCDIR='/home/grui/dtn2/dtn-experiment/DTN/oasys'
STATIC='no'
SUBDIR=''
SYS_CFLAGS='-D_LARGEFILE_SOURCE -D_FILE_OFFSET_BITS=64'
SYS_EXTLIB_CFLAGS=' -I/opt/tcl/include -I/opt/db/include'
SYS_EXTLIB_LDFLAGS=' -ldl -lm  -L/opt/tcl/lib -ltcl8.5 -lexpat -lz  -L/opt/db/lib -ldb-5.3 -lpthread '
TARGET='native'
TCL_LDFLAGS='-L/opt/tcl/lib -ltcl8.5'
XSD_TOOL=''
ac_ct_CC='gcc'
ac_ct_CXX='g++'
bindir='${exec_prefix}/bin'
build_alias=''
datadir='${datarootdir}'
datarootdir='${prefix}/share'
docdir='${datarootdir}/doc/${PACKAGE}'
dvidir='${docdir}'
exec_prefix='${prefix}'
host_alias=''
htmldir='${docdir}'
includedir='${prefix}/include'
infodir='${datarootdir}/info'
libdir='${exec_prefix}/lib'
libexecdir='${exec_prefix}/libexec'
localedir='${datarootdir}/locale'
localstatedir='${prefix}/var'
mandir='${datarootdir}/man'
oldincludedir='/usr/include'
pdfdir='${docdir}'
prefix='/usr'
program_transform_name='s,x,x,'
psdir='${docdir}'
sbindir='${exec_prefix}/sbin'
sharedstatedir='${prefix}/com'
sysconfdir='${prefix}/etc'
target_alias=''

## ----------- ##
## confdefs.h. ##
## ----------- ##

/* confdefs.h */
#define PACKAGE_NAME ""
#define PACKAGE_TARNAME ""
#define PACKAGE_VERSION ""
#define PACKAGE_STRING ""
#define PACKAGE_BUGREPORT ""
#define PACKAGE_URL ""
#define OASYS_CONFIG_STATE 1
#define GOOGLE_PROFILE_ENABLED 0
#define STDC_HEADERS 1
#define HAVE_SYS_TYPES_H 1
#define HAVE_SYS_STAT_H 1
#define HAVE_STDLIB_H 1
#define HAVE_STRING_H 1
#define HAVE_MEMORY_H 1
#define HAVE_STRINGS_H 1
#define HAVE_INTTYPES_H 1
#define HAVE_STDINT_H 1
#define HAVE_UNISTD_H 1
#define LIBEXPAT_ENABLED 1
#define TCLREADLINE_ENABLED 0
#define OASYS_ZLIB_ENABLED 1
#define OASYS_ZLIB_HAS_COMPRESS_BOUND 1
#define LIBDB_ENABLED 1
#define BERKELEY_DB_VERSION 5.3
#define HAVE_NETAX25_AX25_H 1
#define OASYS_DEBUG_LOCKING_ENABLED 1
#define HAVE_PTHREAD_YIELD 1
#define HAVE_SCHED_YIELD 1
#define HAVE_PTHREAD_SETSPECIFIC 1
#define HAVE_GETHOSTBYNAME 1
#define HAVE_GETHOSTBYNAME_R 1
#define HAVE_XDR_U_QUAD_T 1
#define HAVE_INET_ATON 1
#define HAVE_INET_PTON 1
#define STDC_HEADERS 1
#define HAVE_ERR_H 1
#define HAVE_EXECINFO_H 1
#define HAVE_STDINT_H 1
#define HAVE_STRING_H 1
#define HAVE_SYS_CDEFS_H 1
#define HAVE_SYS_TYPES_H 1
#define SIZEOF_OFF_T 8
#define RETSIGTYPE void
#define HAVE_PTRDIFF_T 1
#define HAVE_UINT32_T 1
#define HAVE_U_INT32_T 1
#define HAVE_GETADDRINFO 1
#define HAVE_GETOPT_LONG 1
#define HAVE_CFMAKERAW 1
#define HAVE_CFSETSPEED 1

configure: exit 0
